The system is: Linux - 3.19.0-32-generic - x86_64
Compiling the C compiler identification source file "CMakeCCompilerId.c" succeeded.
Compiler: /usr/bin/cc 
Build flags: 
Id flags: 

The output was:
0


Compilation of the C compiler identification source "CMakeCCompilerId.c" produced "a.out"

The C compiler identification is GNU, found in "/home/j/pupiltracker/build/CMakeFiles/2.8.12.2/CompilerIdC/a.out"

Compiling the CXX compiler identification source file "CMakeCXXCompilerId.cpp" succeeded.
Compiler: /usr/bin/c++ 
Build flags: 
Id flags: 

The output was:
0


Compilation of the CXX compiler identification source "CMakeCXXCompilerId.cpp" produced "a.out"

The CXX compiler identification is GNU, found in "/home/j/pupiltracker/build/CMakeFiles/2.8.12.2/CompilerIdCXX/a.out"

Determining if the C compiler works passed with the following output:
Change Dir: /home/j/pupiltracker/build/CMakeFiles/CMakeTmp

Run Build Command:/usr/bin/make "cmTryCompileExec440255793/fast"
/usr/bin/make -f CMakeFiles/cmTryCompileExec440255793.dir/build.make CMakeFiles/cmTryCompileExec440255793.dir/build
make[1]: Entering directory `/home/j/pupiltracker/build/CMakeFiles/CMakeTmp'
/usr/bin/cmake -E cmake_progress_report /home/j/pupiltracker/build/CMakeFiles/CMakeTmp/CMakeFiles 1
Building C object CMakeFiles/cmTryCompileExec440255793.dir/testCCompiler.c.o
/usr/bin/cc    -o CMakeFiles/cmTryCompileExec440255793.dir/testCCompiler.c.o   -c /home/j/pupiltracker/build/CMakeFiles/CMakeTmp/testCCompiler.c
Linking C executable cmTryCompileExec440255793
/usr/bin/cmake -E cmake_link_script CMakeFiles/cmTryCompileExec440255793.dir/link.txt --verbose=1
/usr/bin/cc       CMakeFiles/cmTryCompileExec440255793.dir/testCCompiler.c.o  -o cmTryCompileExec440255793 -rdynamic 
make[1]: Leaving directory `/home/j/pupiltracker/build/CMakeFiles/CMakeTmp'


Detecting C compiler ABI info compiled with the following output:
Change Dir: /home/j/pupiltracker/build/CMakeFiles/CMakeTmp

Run Build Command:/usr/bin/make "cmTryCompileExec1941052327/fast"
/usr/bin/make -f CMakeFiles/cmTryCompileExec1941052327.dir/build.make CMakeFiles/cmTryCompileExec1941052327.dir/build
make[1]: Entering directory `/home/j/pupiltracker/build/CMakeFiles/CMakeTmp'
/usr/bin/cmake -E cmake_progress_report /home/j/pupiltracker/build/CMakeFiles/CMakeTmp/CMakeFiles 1
Building C object CMakeFiles/cmTryCompileExec1941052327.dir/CMakeCCompilerABI.c.o
/usr/bin/cc    -o CMakeFiles/cmTryCompileExec1941052327.dir/CMakeCCompilerABI.c.o   -c /usr/share/cmake-2.8/Modules/CMakeCCompilerABI.c
Linking C executable cmTryCompileExec1941052327
/usr/bin/cmake -E cmake_link_script CMakeFiles/cmTryCompileExec1941052327.dir/link.txt --verbose=1
/usr/bin/cc     -v CMakeFiles/cmTryCompileExec1941052327.dir/CMakeCCompilerABI.c.o  -o cmTryCompileExec1941052327 -rdynamic  
Using built-in specs.
COLLECT_GCC=/usr/bin/cc
COLLECT_LTO_WRAPPER=/usr/lib/gcc/x86_64-linux-gnu/4.8/lto-wrapper
Target: x86_64-linux-gnu
Configured with: ../src/configure -v --with-pkgversion='Ubuntu 4.8.4-2ubuntu1~14.04.3' --with-bugurl=file:///usr/share/doc/gcc-4.8/README.Bugs --enable-languages=c,c++,java,go,d,fortran,objc,obj-c++ --prefix=/usr --program-suffix=-4.8 --enable-shared --enable-linker-build-id --libexecdir=/usr/lib --without-included-gettext --enable-threads=posix --with-gxx-include-dir=/usr/include/c++/4.8 --libdir=/usr/lib --enable-nls --with-sysroot=/ --enable-clocale=gnu --enable-libstdcxx-debug --enable-libstdcxx-time=yes --enable-gnu-unique-object --disable-libmudflap --enable-plugin --with-system-zlib --disable-browser-plugin --enable-java-awt=gtk --enable-gtk-cairo --with-java-home=/usr/lib/jvm/java-1.5.0-gcj-4.8-amd64/jre --enable-java-home --with-jvm-root-dir=/usr/lib/jvm/java-1.5.0-gcj-4.8-amd64 --with-jvm-jar-dir=/usr/lib/jvm-exports/java-1.5.0-gcj-4.8-amd64 --with-arch-directory=amd64 --with-ecj-jar=/usr/share/java/eclipse-ecj.jar --enable-objc-gc --enable-multiarch --disable-werror --with-arch-32=i686 --with-abi=m64 --with-multilib-list=m32,m64,mx32 --with-tune=generic --enable-checking=release --build=x86_64-linux-gnu --host=x86_64-linux-gnu --target=x86_64-linux-gnu
Thread model: posix
gcc version 4.8.4 (Ubuntu 4.8.4-2ubuntu1~14.04.3) 
COMPILER_PATH=/usr/lib/gcc/x86_64-linux-gnu/4.8/:/usr/lib/gcc/x86_64-linux-gnu/4.8/:/usr/lib/gcc/x86_64-linux-gnu/:/usr/lib/gcc/x86_64-linux-gnu/4.8/:/usr/lib/gcc/x86_64-linux-gnu/
LIBRARY_PATH=/usr/lib/gcc/x86_64-linux-gnu/4.8/:/usr/lib/gcc/x86_64-linux-gnu/4.8/../../../x86_64-linux-gnu/:/usr/lib/gcc/x86_64-linux-gnu/4.8/../../../../lib/:/lib/x86_64-linux-gnu/:/lib/../lib/:/usr/lib/x86_64-linux-gnu/:/usr/lib/../lib/:/usr/lib/gcc/x86_64-linux-gnu/4.8/../../../:/lib/:/usr/lib/
COLLECT_GCC_OPTIONS='-v' '-o' 'cmTryCompileExec1941052327' '-rdynamic' '-mtune=generic' '-march=x86-64'
 /usr/lib/gcc/x86_64-linux-gnu/4.8/collect2 --sysroot=/ --build-id --eh-frame-hdr -m elf_x86_64 --hash-style=gnu --as-needed -export-dynamic -dynamic-linker /lib64/ld-linux-x86-64.so.2 -z relro -o cmTryCompileExec1941052327 /usr/lib/gcc/x86_64-linux-gnu/4.8/../../../x86_64-linux-gnu/crt1.o /usr/lib/gcc/x86_64-linux-gnu/4.8/../../../x86_64-linux-gnu/crti.o /usr/lib/gcc/x86_64-linux-gnu/4.8/crtbegin.o -L/usr/lib/gcc/x86_64-linux-gnu/4.8 -L/usr/lib/gcc/x86_64-linux-gnu/4.8/../../../x86_64-linux-gnu -L/usr/lib/gcc/x86_64-linux-gnu/4.8/../../../../lib -L/lib/x86_64-linux-gnu -L/lib/../lib -L/usr/lib/x86_64-linux-gnu -L/usr/lib/../lib -L/usr/lib/gcc/x86_64-linux-gnu/4.8/../../.. CMakeFiles/cmTryCompileExec1941052327.dir/CMakeCCompilerABI.c.o -lgcc --as-needed -lgcc_s --no-as-needed -lc -lgcc --as-needed -lgcc_s --no-as-needed /usr/lib/gcc/x86_64-linux-gnu/4.8/crtend.o /usr/lib/gcc/x86_64-linux-gnu/4.8/../../../x86_64-linux-gnu/crtn.o
make[1]: Leaving directory `/home/j/pupiltracker/build/CMakeFiles/CMakeTmp'


Parsed C implicit link information from above output:
  link line regex: [^( *|.*[/\])(ld|([^/\]+-)?ld|collect2)[^/\]*( |$)]
  ignore line: [Change Dir: /home/j/pupiltracker/build/CMakeFiles/CMakeTmp]
  ignore line: []
  ignore line: [Run Build Command:/usr/bin/make "cmTryCompileExec1941052327/fast"]
  ignore line: [/usr/bin/make -f CMakeFiles/cmTryCompileExec1941052327.dir/build.make CMakeFiles/cmTryCompileExec1941052327.dir/build]
  ignore line: [make[1]: Entering directory `/home/j/pupiltracker/build/CMakeFiles/CMakeTmp']
  ignore line: [/usr/bin/cmake -E cmake_progress_report /home/j/pupiltracker/build/CMakeFiles/CMakeTmp/CMakeFiles 1]
  ignore line: [Building C object CMakeFiles/cmTryCompileExec1941052327.dir/CMakeCCompilerABI.c.o]
  ignore line: [/usr/bin/cc    -o CMakeFiles/cmTryCompileExec1941052327.dir/CMakeCCompilerABI.c.o   -c /usr/share/cmake-2.8/Modules/CMakeCCompilerABI.c]
  ignore line: [Linking C executable cmTryCompileExec1941052327]
  ignore line: [/usr/bin/cmake -E cmake_link_script CMakeFiles/cmTryCompileExec1941052327.dir/link.txt --verbose=1]
  ignore line: [/usr/bin/cc     -v CMakeFiles/cmTryCompileExec1941052327.dir/CMakeCCompilerABI.c.o  -o cmTryCompileExec1941052327 -rdynamic  ]
  ignore line: [Using built-in specs.]
  ignore line: [COLLECT_GCC=/usr/bin/cc]
  ignore line: [COLLECT_LTO_WRAPPER=/usr/lib/gcc/x86_64-linux-gnu/4.8/lto-wrapper]
  ignore line: [Target: x86_64-linux-gnu]
  ignore line: [Configured with: ../src/configure -v --with-pkgversion='Ubuntu 4.8.4-2ubuntu1~14.04.3' --with-bugurl=file:///usr/share/doc/gcc-4.8/README.Bugs --enable-languages=c,c++,java,go,d,fortran,objc,obj-c++ --prefix=/usr --program-suffix=-4.8 --enable-shared --enable-linker-build-id --libexecdir=/usr/lib --without-included-gettext --enable-threads=posix --with-gxx-include-dir=/usr/include/c++/4.8 --libdir=/usr/lib --enable-nls --with-sysroot=/ --enable-clocale=gnu --enable-libstdcxx-debug --enable-libstdcxx-time=yes --enable-gnu-unique-object --disable-libmudflap --enable-plugin --with-system-zlib --disable-browser-plugin --enable-java-awt=gtk --enable-gtk-cairo --with-java-home=/usr/lib/jvm/java-1.5.0-gcj-4.8-amd64/jre --enable-java-home --with-jvm-root-dir=/usr/lib/jvm/java-1.5.0-gcj-4.8-amd64 --with-jvm-jar-dir=/usr/lib/jvm-exports/java-1.5.0-gcj-4.8-amd64 --with-arch-directory=amd64 --with-ecj-jar=/usr/share/java/eclipse-ecj.jar --enable-objc-gc --enable-multiarch --disable-werror --with-arch-32=i686 --with-abi=m64 --with-multilib-list=m32,m64,mx32 --with-tune=generic --enable-checking=release --build=x86_64-linux-gnu --host=x86_64-linux-gnu --target=x86_64-linux-gnu]
  ignore line: [Thread model: posix]
  ignore line: [gcc version 4.8.4 (Ubuntu 4.8.4-2ubuntu1~14.04.3) ]
  ignore line: [COMPILER_PATH=/usr/lib/gcc/x86_64-linux-gnu/4.8/:/usr/lib/gcc/x86_64-linux-gnu/4.8/:/usr/lib/gcc/x86_64-linux-gnu/:/usr/lib/gcc/x86_64-linux-gnu/4.8/:/usr/lib/gcc/x86_64-linux-gnu/]
  ignore line: [LIBRARY_PATH=/usr/lib/gcc/x86_64-linux-gnu/4.8/:/usr/lib/gcc/x86_64-linux-gnu/4.8/../../../x86_64-linux-gnu/:/usr/lib/gcc/x86_64-linux-gnu/4.8/../../../../lib/:/lib/x86_64-linux-gnu/:/lib/../lib/:/usr/lib/x86_64-linux-gnu/:/usr/lib/../lib/:/usr/lib/gcc/x86_64-linux-gnu/4.8/../../../:/lib/:/usr/lib/]
  ignore line: [COLLECT_GCC_OPTIONS='-v' '-o' 'cmTryCompileExec1941052327' '-rdynamic' '-mtune=generic' '-march=x86-64']
  link line: [ /usr/lib/gcc/x86_64-linux-gnu/4.8/collect2 --sysroot=/ --build-id --eh-frame-hdr -m elf_x86_64 --hash-style=gnu --as-needed -export-dynamic -dynamic-linker /lib64/ld-linux-x86-64.so.2 -z relro -o cmTryCompileExec1941052327 /usr/lib/gcc/x86_64-linux-gnu/4.8/../../../x86_64-linux-gnu/crt1.o /usr/lib/gcc/x86_64-linux-gnu/4.8/../../../x86_64-linux-gnu/crti.o /usr/lib/gcc/x86_64-linux-gnu/4.8/crtbegin.o -L/usr/lib/gcc/x86_64-linux-gnu/4.8 -L/usr/lib/gcc/x86_64-linux-gnu/4.8/../../../x86_64-linux-gnu -L/usr/lib/gcc/x86_64-linux-gnu/4.8/../../../../lib -L/lib/x86_64-linux-gnu -L/lib/../lib -L/usr/lib/x86_64-linux-gnu -L/usr/lib/../lib -L/usr/lib/gcc/x86_64-linux-gnu/4.8/../../.. CMakeFiles/cmTryCompileExec1941052327.dir/CMakeCCompilerABI.c.o -lgcc --as-needed -lgcc_s --no-as-needed -lc -lgcc --as-needed -lgcc_s --no-as-needed /usr/lib/gcc/x86_64-linux-gnu/4.8/crtend.o /usr/lib/gcc/x86_64-linux-gnu/4.8/../../../x86_64-linux-gnu/crtn.o]
    arg [/usr/lib/gcc/x86_64-linux-gnu/4.8/collect2] ==> ignore
    arg [--sysroot=/] ==> ignore
    arg [--build-id] ==> ignore
    arg [--eh-frame-hdr] ==> ignore
    arg [-m] ==> ignore
    arg [elf_x86_64] ==> ignore
    arg [--hash-style=gnu] ==> ignore
    arg [--as-needed] ==> ignore
    arg [-export-dynamic] ==> ignore
    arg [-dynamic-linker] ==> ignore
    arg [/lib64/ld-linux-x86-64.so.2] ==> ignore
    arg [-zrelro] ==> ignore
    arg [-o] ==> ignore
    arg [cmTryCompileExec1941052327] ==> ignore
    arg [/usr/lib/gcc/x86_64-linux-gnu/4.8/../../../x86_64-linux-gnu/crt1.o] ==> ignore
    arg [/usr/lib/gcc/x86_64-linux-gnu/4.8/../../../x86_64-linux-gnu/crti.o] ==> ignore
    arg [/usr/lib/gcc/x86_64-linux-gnu/4.8/crtbegin.o] ==> ignore
    arg [-L/usr/lib/gcc/x86_64-linux-gnu/4.8] ==> dir [/usr/lib/gcc/x86_64-linux-gnu/4.8]
    arg [-L/usr/lib/gcc/x86_64-linux-gnu/4.8/../../../x86_64-linux-gnu] ==> dir [/usr/lib/gcc/x86_64-linux-gnu/4.8/../../../x86_64-linux-gnu]
    arg [-L/usr/lib/gcc/x86_64-linux-gnu/4.8/../../../../lib] ==> dir [/usr/lib/gcc/x86_64-linux-gnu/4.8/../../../../lib]
    arg [-L/lib/x86_64-linux-gnu] ==> dir [/lib/x86_64-linux-gnu]
    arg [-L/lib/../lib] ==> dir [/lib/../lib]
    arg [-L/usr/lib/x86_64-linux-gnu] ==> dir [/usr/lib/x86_64-linux-gnu]
    arg [-L/usr/lib/../lib] ==> dir [/usr/lib/../lib]
    arg [-L/usr/lib/gcc/x86_64-linux-gnu/4.8/../../..] ==> dir [/usr/lib/gcc/x86_64-linux-gnu/4.8/../../..]
    arg [CMakeFiles/cmTryCompileExec1941052327.dir/CMakeCCompilerABI.c.o] ==> ignore
    arg [-lgcc] ==> lib [gcc]
    arg [--as-needed] ==> ignore
    arg [-lgcc_s] ==> lib [gcc_s]
    arg [--no-as-needed] ==> ignore
    arg [-lc] ==> lib [c]
    arg [-lgcc] ==> lib [gcc]
    arg [--as-needed] ==> ignore
    arg [-lgcc_s] ==> lib [gcc_s]
    arg [--no-as-needed] ==> ignore
    arg [/usr/lib/gcc/x86_64-linux-gnu/4.8/crtend.o] ==> ignore
    arg [/usr/lib/gcc/x86_64-linux-gnu/4.8/../../../x86_64-linux-gnu/crtn.o] ==> ignore
  remove lib [gcc]
  remove lib [gcc_s]
  remove lib [gcc]
  remove lib [gcc_s]
  collapse library dir [/usr/lib/gcc/x86_64-linux-gnu/4.8] ==> [/usr/lib/gcc/x86_64-linux-gnu/4.8]
  collapse library dir [/usr/lib/gcc/x86_64-linux-gnu/4.8/../../../x86_64-linux-gnu] ==> [/usr/lib/x86_64-linux-gnu]
  collapse library dir [/usr/lib/gcc/x86_64-linux-gnu/4.8/../../../../lib] ==> [/usr/lib]
  collapse library dir [/lib/x86_64-linux-gnu] ==> [/lib/x86_64-linux-gnu]
  collapse library dir [/lib/../lib] ==> [/lib]
  collapse library dir [/usr/lib/x86_64-linux-gnu] ==> [/usr/lib/x86_64-linux-gnu]
  collapse library dir [/usr/lib/../lib] ==> [/usr/lib]
  collapse library dir [/usr/lib/gcc/x86_64-linux-gnu/4.8/../../..] ==> [/usr/lib]
  implicit libs: [c]
  implicit dirs: [/usr/lib/gcc/x86_64-linux-gnu/4.8;/usr/lib/x86_64-linux-gnu;/usr/lib;/lib/x86_64-linux-gnu;/lib]
  implicit fwks: []


Determining if the CXX compiler works passed with the following output:
Change Dir: /home/j/pupiltracker/build/CMakeFiles/CMakeTmp

Run Build Command:/usr/bin/make "cmTryCompileExec2177569755/fast"
/usr/bin/make -f CMakeFiles/cmTryCompileExec2177569755.dir/build.make CMakeFiles/cmTryCompileExec2177569755.dir/build
make[1]: Entering directory `/home/j/pupiltracker/build/CMakeFiles/CMakeTmp'
/usr/bin/cmake -E cmake_progress_report /home/j/pupiltracker/build/CMakeFiles/CMakeTmp/CMakeFiles 1
Building CXX object CMakeFiles/cmTryCompileExec2177569755.dir/testCXXCompiler.cxx.o
/usr/bin/c++     -o CMakeFiles/cmTryCompileExec2177569755.dir/testCXXCompiler.cxx.o -c /home/j/pupiltracker/build/CMakeFiles/CMakeTmp/testCXXCompiler.cxx
Linking CXX executable cmTryCompileExec2177569755
/usr/bin/cmake -E cmake_link_script CMakeFiles/cmTryCompileExec2177569755.dir/link.txt --verbose=1
/usr/bin/c++        CMakeFiles/cmTryCompileExec2177569755.dir/testCXXCompiler.cxx.o  -o cmTryCompileExec2177569755 -rdynamic 
make[1]: Leaving directory `/home/j/pupiltracker/build/CMakeFiles/CMakeTmp'


Detecting CXX compiler ABI info compiled with the following output:
Change Dir: /home/j/pupiltracker/build/CMakeFiles/CMakeTmp

Run Build Command:/usr/bin/make "cmTryCompileExec718690390/fast"
/usr/bin/make -f CMakeFiles/cmTryCompileExec718690390.dir/build.make CMakeFiles/cmTryCompileExec718690390.dir/build
make[1]: Entering directory `/home/j/pupiltracker/build/CMakeFiles/CMakeTmp'
/usr/bin/cmake -E cmake_progress_report /home/j/pupiltracker/build/CMakeFiles/CMakeTmp/CMakeFiles 1
Building CXX object CMakeFiles/cmTryCompileExec718690390.dir/CMakeCXXCompilerABI.cpp.o
/usr/bin/c++     -o CMakeFiles/cmTryCompileExec718690390.dir/CMakeCXXCompilerABI.cpp.o -c /usr/share/cmake-2.8/Modules/CMakeCXXCompilerABI.cpp
Linking CXX executable cmTryCompileExec718690390
/usr/bin/cmake -E cmake_link_script CMakeFiles/cmTryCompileExec718690390.dir/link.txt --verbose=1
/usr/bin/c++      -v CMakeFiles/cmTryCompileExec718690390.dir/CMakeCXXCompilerABI.cpp.o  -o cmTryCompileExec718690390 -rdynamic  
Using built-in specs.
COLLECT_GCC=/usr/bin/c++
COLLECT_LTO_WRAPPER=/usr/lib/gcc/x86_64-linux-gnu/4.8/lto-wrapper
Target: x86_64-linux-gnu
Configured with: ../src/configure -v --with-pkgversion='Ubuntu 4.8.4-2ubuntu1~14.04.3' --with-bugurl=file:///usr/share/doc/gcc-4.8/README.Bugs --enable-languages=c,c++,java,go,d,fortran,objc,obj-c++ --prefix=/usr --program-suffix=-4.8 --enable-shared --enable-linker-build-id --libexecdir=/usr/lib --without-included-gettext --enable-threads=posix --with-gxx-include-dir=/usr/include/c++/4.8 --libdir=/usr/lib --enable-nls --with-sysroot=/ --enable-clocale=gnu --enable-libstdcxx-debug --enable-libstdcxx-time=yes --enable-gnu-unique-object --disable-libmudflap --enable-plugin --with-system-zlib --disable-browser-plugin --enable-java-awt=gtk --enable-gtk-cairo --with-java-home=/usr/lib/jvm/java-1.5.0-gcj-4.8-amd64/jre --enable-java-home --with-jvm-root-dir=/usr/lib/jvm/java-1.5.0-gcj-4.8-amd64 --with-jvm-jar-dir=/usr/lib/jvm-exports/java-1.5.0-gcj-4.8-amd64 --with-arch-directory=amd64 --with-ecj-jar=/usr/share/java/eclipse-ecj.jar --enable-objc-gc --enable-multiarch --disable-werror --with-arch-32=i686 --with-abi=m64 --with-multilib-list=m32,m64,mx32 --with-tune=generic --enable-checking=release --build=x86_64-linux-gnu --host=x86_64-linux-gnu --target=x86_64-linux-gnu
Thread model: posix
gcc version 4.8.4 (Ubuntu 4.8.4-2ubuntu1~14.04.3) 
COMPILER_PATH=/usr/lib/gcc/x86_64-linux-gnu/4.8/:/usr/lib/gcc/x86_64-linux-gnu/4.8/:/usr/lib/gcc/x86_64-linux-gnu/:/usr/lib/gcc/x86_64-linux-gnu/4.8/:/usr/lib/gcc/x86_64-linux-gnu/
LIBRARY_PATH=/usr/lib/gcc/x86_64-linux-gnu/4.8/:/usr/lib/gcc/x86_64-linux-gnu/4.8/../../../x86_64-linux-gnu/:/usr/lib/gcc/x86_64-linux-gnu/4.8/../../../../lib/:/lib/x86_64-linux-gnu/:/lib/../lib/:/usr/lib/x86_64-linux-gnu/:/usr/lib/../lib/:/usr/lib/gcc/x86_64-linux-gnu/4.8/../../../:/lib/:/usr/lib/
COLLECT_GCC_OPTIONS='-v' '-o' 'cmTryCompileExec718690390' '-rdynamic' '-shared-libgcc' '-mtune=generic' '-march=x86-64'
 /usr/lib/gcc/x86_64-linux-gnu/4.8/collect2 --sysroot=/ --build-id --eh-frame-hdr -m elf_x86_64 --hash-style=gnu --as-needed -export-dynamic -dynamic-linker /lib64/ld-linux-x86-64.so.2 -z relro -o cmTryCompileExec718690390 /usr/lib/gcc/x86_64-linux-gnu/4.8/../../../x86_64-linux-gnu/crt1.o /usr/lib/gcc/x86_64-linux-gnu/4.8/../../../x86_64-linux-gnu/crti.o /usr/lib/gcc/x86_64-linux-gnu/4.8/crtbegin.o -L/usr/lib/gcc/x86_64-linux-gnu/4.8 -L/usr/lib/gcc/x86_64-linux-gnu/4.8/../../../x86_64-linux-gnu -L/usr/lib/gcc/x86_64-linux-gnu/4.8/../../../../lib -L/lib/x86_64-linux-gnu -L/lib/../lib -L/usr/lib/x86_64-linux-gnu -L/usr/lib/../lib -L/usr/lib/gcc/x86_64-linux-gnu/4.8/../../.. CMakeFiles/cmTryCompileExec718690390.dir/CMakeCXXCompilerABI.cpp.o -lstdc++ -lm -lgcc_s -lgcc -lc -lgcc_s -lgcc /usr/lib/gcc/x86_64-linux-gnu/4.8/crtend.o /usr/lib/gcc/x86_64-linux-gnu/4.8/../../../x86_64-linux-gnu/crtn.o
make[1]: Leaving directory `/home/j/pupiltracker/build/CMakeFiles/CMakeTmp'


Parsed CXX implicit link information from above output:
  link line regex: [^( *|.*[/\])(ld|([^/\]+-)?ld|collect2)[^/\]*( |$)]
  ignore line: [Change Dir: /home/j/pupiltracker/build/CMakeFiles/CMakeTmp]
  ignore line: []
  ignore line: [Run Build Command:/usr/bin/make "cmTryCompileExec718690390/fast"]
  ignore line: [/usr/bin/make -f CMakeFiles/cmTryCompileExec718690390.dir/build.make CMakeFiles/cmTryCompileExec718690390.dir/build]
  ignore line: [make[1]: Entering directory `/home/j/pupiltracker/build/CMakeFiles/CMakeTmp']
  ignore line: [/usr/bin/cmake -E cmake_progress_report /home/j/pupiltracker/build/CMakeFiles/CMakeTmp/CMakeFiles 1]
  ignore line: [Building CXX object CMakeFiles/cmTryCompileExec718690390.dir/CMakeCXXCompilerABI.cpp.o]
  ignore line: [/usr/bin/c++     -o CMakeFiles/cmTryCompileExec718690390.dir/CMakeCXXCompilerABI.cpp.o -c /usr/share/cmake-2.8/Modules/CMakeCXXCompilerABI.cpp]
  ignore line: [Linking CXX executable cmTryCompileExec718690390]
  ignore line: [/usr/bin/cmake -E cmake_link_script CMakeFiles/cmTryCompileExec718690390.dir/link.txt --verbose=1]
  ignore line: [/usr/bin/c++      -v CMakeFiles/cmTryCompileExec718690390.dir/CMakeCXXCompilerABI.cpp.o  -o cmTryCompileExec718690390 -rdynamic  ]
  ignore line: [Using built-in specs.]
  ignore line: [COLLECT_GCC=/usr/bin/c++]
  ignore line: [COLLECT_LTO_WRAPPER=/usr/lib/gcc/x86_64-linux-gnu/4.8/lto-wrapper]
  ignore line: [Target: x86_64-linux-gnu]
  ignore line: [Configured with: ../src/configure -v --with-pkgversion='Ubuntu 4.8.4-2ubuntu1~14.04.3' --with-bugurl=file:///usr/share/doc/gcc-4.8/README.Bugs --enable-languages=c,c++,java,go,d,fortran,objc,obj-c++ --prefix=/usr --program-suffix=-4.8 --enable-shared --enable-linker-build-id --libexecdir=/usr/lib --without-included-gettext --enable-threads=posix --with-gxx-include-dir=/usr/include/c++/4.8 --libdir=/usr/lib --enable-nls --with-sysroot=/ --enable-clocale=gnu --enable-libstdcxx-debug --enable-libstdcxx-time=yes --enable-gnu-unique-object --disable-libmudflap --enable-plugin --with-system-zlib --disable-browser-plugin --enable-java-awt=gtk --enable-gtk-cairo --with-java-home=/usr/lib/jvm/java-1.5.0-gcj-4.8-amd64/jre --enable-java-home --with-jvm-root-dir=/usr/lib/jvm/java-1.5.0-gcj-4.8-amd64 --with-jvm-jar-dir=/usr/lib/jvm-exports/java-1.5.0-gcj-4.8-amd64 --with-arch-directory=amd64 --with-ecj-jar=/usr/share/java/eclipse-ecj.jar --enable-objc-gc --enable-multiarch --disable-werror --with-arch-32=i686 --with-abi=m64 --with-multilib-list=m32,m64,mx32 --with-tune=generic --enable-checking=release --build=x86_64-linux-gnu --host=x86_64-linux-gnu --target=x86_64-linux-gnu]
  ignore line: [Thread model: posix]
  ignore line: [gcc version 4.8.4 (Ubuntu 4.8.4-2ubuntu1~14.04.3) ]
  ignore line: [COMPILER_PATH=/usr/lib/gcc/x86_64-linux-gnu/4.8/:/usr/lib/gcc/x86_64-linux-gnu/4.8/:/usr/lib/gcc/x86_64-linux-gnu/:/usr/lib/gcc/x86_64-linux-gnu/4.8/:/usr/lib/gcc/x86_64-linux-gnu/]
  ignore line: [LIBRARY_PATH=/usr/lib/gcc/x86_64-linux-gnu/4.8/:/usr/lib/gcc/x86_64-linux-gnu/4.8/../../../x86_64-linux-gnu/:/usr/lib/gcc/x86_64-linux-gnu/4.8/../../../../lib/:/lib/x86_64-linux-gnu/:/lib/../lib/:/usr/lib/x86_64-linux-gnu/:/usr/lib/../lib/:/usr/lib/gcc/x86_64-linux-gnu/4.8/../../../:/lib/:/usr/lib/]
  ignore line: [COLLECT_GCC_OPTIONS='-v' '-o' 'cmTryCompileExec718690390' '-rdynamic' '-shared-libgcc' '-mtune=generic' '-march=x86-64']
  link line: [ /usr/lib/gcc/x86_64-linux-gnu/4.8/collect2 --sysroot=/ --build-id --eh-frame-hdr -m elf_x86_64 --hash-style=gnu --as-needed -export-dynamic -dynamic-linker /lib64/ld-linux-x86-64.so.2 -z relro -o cmTryCompileExec718690390 /usr/lib/gcc/x86_64-linux-gnu/4.8/../../../x86_64-linux-gnu/crt1.o /usr/lib/gcc/x86_64-linux-gnu/4.8/../../../x86_64-linux-gnu/crti.o /usr/lib/gcc/x86_64-linux-gnu/4.8/crtbegin.o -L/usr/lib/gcc/x86_64-linux-gnu/4.8 -L/usr/lib/gcc/x86_64-linux-gnu/4.8/../../../x86_64-linux-gnu -L/usr/lib/gcc/x86_64-linux-gnu/4.8/../../../../lib -L/lib/x86_64-linux-gnu -L/lib/../lib -L/usr/lib/x86_64-linux-gnu -L/usr/lib/../lib -L/usr/lib/gcc/x86_64-linux-gnu/4.8/../../.. CMakeFiles/cmTryCompileExec718690390.dir/CMakeCXXCompilerABI.cpp.o -lstdc++ -lm -lgcc_s -lgcc -lc -lgcc_s -lgcc /usr/lib/gcc/x86_64-linux-gnu/4.8/crtend.o /usr/lib/gcc/x86_64-linux-gnu/4.8/../../../x86_64-linux-gnu/crtn.o]
    arg [/usr/lib/gcc/x86_64-linux-gnu/4.8/collect2] ==> ignore
    arg [--sysroot=/] ==> ignore
    arg [--build-id] ==> ignore
    arg [--eh-frame-hdr] ==> ignore
    arg [-m] ==> ignore
    arg [elf_x86_64] ==> ignore
    arg [--hash-style=gnu] ==> ignore
    arg [--as-needed] ==> ignore
    arg [-export-dynamic] ==> ignore
    arg [-dynamic-linker] ==> ignore
    arg [/lib64/ld-linux-x86-64.so.2] ==> ignore
    arg [-zrelro] ==> ignore
    arg [-o] ==> ignore
    arg [cmTryCompileExec718690390] ==> ignore
    arg [/usr/lib/gcc/x86_64-linux-gnu/4.8/../../../x86_64-linux-gnu/crt1.o] ==> ignore
    arg [/usr/lib/gcc/x86_64-linux-gnu/4.8/../../../x86_64-linux-gnu/crti.o] ==> ignore
    arg [/usr/lib/gcc/x86_64-linux-gnu/4.8/crtbegin.o] ==> ignore
    arg [-L/usr/lib/gcc/x86_64-linux-gnu/4.8] ==> dir [/usr/lib/gcc/x86_64-linux-gnu/4.8]
    arg [-L/usr/lib/gcc/x86_64-linux-gnu/4.8/../../../x86_64-linux-gnu] ==> dir [/usr/lib/gcc/x86_64-linux-gnu/4.8/../../../x86_64-linux-gnu]
    arg [-L/usr/lib/gcc/x86_64-linux-gnu/4.8/../../../../lib] ==> dir [/usr/lib/gcc/x86_64-linux-gnu/4.8/../../../../lib]
    arg [-L/lib/x86_64-linux-gnu] ==> dir [/lib/x86_64-linux-gnu]
    arg [-L/lib/../lib] ==> dir [/lib/../lib]
    arg [-L/usr/lib/x86_64-linux-gnu] ==> dir [/usr/lib/x86_64-linux-gnu]
    arg [-L/usr/lib/../lib] ==> dir [/usr/lib/../lib]
    arg [-L/usr/lib/gcc/x86_64-linux-gnu/4.8/../../..] ==> dir [/usr/lib/gcc/x86_64-linux-gnu/4.8/../../..]
    arg [CMakeFiles/cmTryCompileExec718690390.dir/CMakeCXXCompilerABI.cpp.o] ==> ignore
    arg [-lstdc++] ==> lib [stdc++]
    arg [-lm] ==> lib [m]
    arg [-lgcc_s] ==> lib [gcc_s]
    arg [-lgcc] ==> lib [gcc]
    arg [-lc] ==> lib [c]
    arg [-lgcc_s] ==> lib [gcc_s]
    arg [-lgcc] ==> lib [gcc]
    arg [/usr/lib/gcc/x86_64-linux-gnu/4.8/crtend.o] ==> ignore
    arg [/usr/lib/gcc/x86_64-linux-gnu/4.8/../../../x86_64-linux-gnu/crtn.o] ==> ignore
  remove lib [gcc_s]
  remove lib [gcc]
  remove lib [gcc_s]
  remove lib [gcc]
  collapse library dir [/usr/lib/gcc/x86_64-linux-gnu/4.8] ==> [/usr/lib/gcc/x86_64-linux-gnu/4.8]
  collapse library dir [/usr/lib/gcc/x86_64-linux-gnu/4.8/../../../x86_64-linux-gnu] ==> [/usr/lib/x86_64-linux-gnu]
  collapse library dir [/usr/lib/gcc/x86_64-linux-gnu/4.8/../../../../lib] ==> [/usr/lib]
  collapse library dir [/lib/x86_64-linux-gnu] ==> [/lib/x86_64-linux-gnu]
  collapse library dir [/lib/../lib] ==> [/lib]
  collapse library dir [/usr/lib/x86_64-linux-gnu] ==> [/usr/lib/x86_64-linux-gnu]
  collapse library dir [/usr/lib/../lib] ==> [/usr/lib]
  collapse library dir [/usr/lib/gcc/x86_64-linux-gnu/4.8/../../..] ==> [/usr/lib]
  implicit libs: [stdc++;m;c]
  implicit dirs: [/usr/lib/gcc/x86_64-linux-gnu/4.8;/usr/lib/x86_64-linux-gnu;/usr/lib;/lib/x86_64-linux-gnu;/lib]
  implicit fwks: []


Determining if the function XOpenDisplay exists in the /usr/lib/x86_64-linux-gnu/libX11.so;/usr/lib/x86_64-linux-gnu/libXext.so passed with the following output:
Change Dir: /home/j/pupiltracker/build/CMakeFiles/CMakeTmp

Run Build Command:/usr/bin/make "cmTryCompileExec3727034404/fast"
/usr/bin/make -f CMakeFiles/cmTryCompileExec3727034404.dir/build.make CMakeFiles/cmTryCompileExec3727034404.dir/build
make[1]: Entering directory `/home/j/pupiltracker/build/CMakeFiles/CMakeTmp'
/usr/bin/cmake -E cmake_progress_report /home/j/pupiltracker/build/CMakeFiles/CMakeTmp/CMakeFiles 1
Building C object CMakeFiles/cmTryCompileExec3727034404.dir/CheckFunctionExists.c.o
/usr/bin/cc   -DCHECK_FUNCTION_EXISTS=XOpenDisplay   -o CMakeFiles/cmTryCompileExec3727034404.dir/CheckFunctionExists.c.o   -c /usr/share/cmake-2.8/Modules/CheckFunctionExists.c
Linking C executable cmTryCompileExec3727034404
/usr/bin/cmake -E cmake_link_script CMakeFiles/cmTryCompileExec3727034404.dir/link.txt --verbose=1
/usr/bin/cc   -DCHECK_FUNCTION_EXISTS=XOpenDisplay    CMakeFiles/cmTryCompileExec3727034404.dir/CheckFunctionExists.c.o  -o cmTryCompileExec3727034404 -rdynamic -lX11 -lXext 
make[1]: Leaving directory `/home/j/pupiltracker/build/CMakeFiles/CMakeTmp'


Determining if the function gethostbyname exists passed with the following output:
Change Dir: /home/j/pupiltracker/build/CMakeFiles/CMakeTmp

Run Build Command:/usr/bin/make "cmTryCompileExec704614833/fast"
/usr/bin/make -f CMakeFiles/cmTryCompileExec704614833.dir/build.make CMakeFiles/cmTryCompileExec704614833.dir/build
make[1]: Entering directory `/home/j/pupiltracker/build/CMakeFiles/CMakeTmp'
/usr/bin/cmake -E cmake_progress_report /home/j/pupiltracker/build/CMakeFiles/CMakeTmp/CMakeFiles 1
Building C object CMakeFiles/cmTryCompileExec704614833.dir/CheckFunctionExists.c.o
/usr/bin/cc   -DCHECK_FUNCTION_EXISTS=gethostbyname   -o CMakeFiles/cmTryCompileExec704614833.dir/CheckFunctionExists.c.o   -c /usr/share/cmake-2.8/Modules/CheckFunctionExists.c
Linking C executable cmTryCompileExec704614833
/usr/bin/cmake -E cmake_link_script CMakeFiles/cmTryCompileExec704614833.dir/link.txt --verbose=1
/usr/bin/cc   -DCHECK_FUNCTION_EXISTS=gethostbyname    CMakeFiles/cmTryCompileExec704614833.dir/CheckFunctionExists.c.o  -o cmTryCompileExec704614833 -rdynamic 
make[1]: Leaving directory `/home/j/pupiltracker/build/CMakeFiles/CMakeTmp'


Determining if the function connect exists passed with the following output:
Change Dir: /home/j/pupiltracker/build/CMakeFiles/CMakeTmp

Run Build Command:/usr/bin/make "cmTryCompileExec3347699976/fast"
/usr/bin/make -f CMakeFiles/cmTryCompileExec3347699976.dir/build.make CMakeFiles/cmTryCompileExec3347699976.dir/build
make[1]: Entering directory `/home/j/pupiltracker/build/CMakeFiles/CMakeTmp'
/usr/bin/cmake -E cmake_progress_report /home/j/pupiltracker/build/CMakeFiles/CMakeTmp/CMakeFiles 1
Building C object CMakeFiles/cmTryCompileExec3347699976.dir/CheckFunctionExists.c.o
/usr/bin/cc   -DCHECK_FUNCTION_EXISTS=connect   -o CMakeFiles/cmTryCompileExec3347699976.dir/CheckFunctionExists.c.o   -c /usr/share/cmake-2.8/Modules/CheckFunctionExists.c
Linking C executable cmTryCompileExec3347699976
/usr/bin/cmake -E cmake_link_script CMakeFiles/cmTryCompileExec3347699976.dir/link.txt --verbose=1
/usr/bin/cc   -DCHECK_FUNCTION_EXISTS=connect    CMakeFiles/cmTryCompileExec3347699976.dir/CheckFunctionExists.c.o  -o cmTryCompileExec3347699976 -rdynamic 
make[1]: Leaving directory `/home/j/pupiltracker/build/CMakeFiles/CMakeTmp'


Determining if the function remove exists passed with the following output:
Change Dir: /home/j/pupiltracker/build/CMakeFiles/CMakeTmp

Run Build Command:/usr/bin/make "cmTryCompileExec1583061868/fast"
/usr/bin/make -f CMakeFiles/cmTryCompileExec1583061868.dir/build.make CMakeFiles/cmTryCompileExec1583061868.dir/build
make[1]: Entering directory `/home/j/pupiltracker/build/CMakeFiles/CMakeTmp'
/usr/bin/cmake -E cmake_progress_report /home/j/pupiltracker/build/CMakeFiles/CMakeTmp/CMakeFiles 1
Building C object CMakeFiles/cmTryCompileExec1583061868.dir/CheckFunctionExists.c.o
/usr/bin/cc   -DCHECK_FUNCTION_EXISTS=remove   -o CMakeFiles/cmTryCompileExec1583061868.dir/CheckFunctionExists.c.o   -c /usr/share/cmake-2.8/Modules/CheckFunctionExists.c
Linking C executable cmTryCompileExec1583061868
/usr/bin/cmake -E cmake_link_script CMakeFiles/cmTryCompileExec1583061868.dir/link.txt --verbose=1
/usr/bin/cc   -DCHECK_FUNCTION_EXISTS=remove    CMakeFiles/cmTryCompileExec1583061868.dir/CheckFunctionExists.c.o  -o cmTryCompileExec1583061868 -rdynamic 
make[1]: Leaving directory `/home/j/pupiltracker/build/CMakeFiles/CMakeTmp'


Determining if the function shmat exists passed with the following output:
Change Dir: /home/j/pupiltracker/build/CMakeFiles/CMakeTmp

Run Build Command:/usr/bin/make "cmTryCompileExec632828109/fast"
/usr/bin/make -f CMakeFiles/cmTryCompileExec632828109.dir/build.make CMakeFiles/cmTryCompileExec632828109.dir/build
make[1]: Entering directory `/home/j/pupiltracker/build/CMakeFiles/CMakeTmp'
/usr/bin/cmake -E cmake_progress_report /home/j/pupiltracker/build/CMakeFiles/CMakeTmp/CMakeFiles 1
Building C object CMakeFiles/cmTryCompileExec632828109.dir/CheckFunctionExists.c.o
/usr/bin/cc   -DCHECK_FUNCTION_EXISTS=shmat   -o CMakeFiles/cmTryCompileExec632828109.dir/CheckFunctionExists.c.o   -c /usr/share/cmake-2.8/Modules/CheckFunctionExists.c
Linking C executable cmTryCompileExec632828109
/usr/bin/cmake -E cmake_link_script CMakeFiles/cmTryCompileExec632828109.dir/link.txt --verbose=1
/usr/bin/cc   -DCHECK_FUNCTION_EXISTS=shmat    CMakeFiles/cmTryCompileExec632828109.dir/CheckFunctionExists.c.o  -o cmTryCompileExec632828109 -rdynamic 
make[1]: Leaving directory `/home/j/pupiltracker/build/CMakeFiles/CMakeTmp'


Determining if the function IceConnectionNumber exists in the ICE passed with the following output:
Change Dir: /home/j/pupiltracker/build/CMakeFiles/CMakeTmp

Run Build Command:/usr/bin/make "cmTryCompileExec3012303888/fast"
/usr/bin/make -f CMakeFiles/cmTryCompileExec3012303888.dir/build.make CMakeFiles/cmTryCompileExec3012303888.dir/build
make[1]: Entering directory `/home/j/pupiltracker/build/CMakeFiles/CMakeTmp'
/usr/bin/cmake -E cmake_progress_report /home/j/pupiltracker/build/CMakeFiles/CMakeTmp/CMakeFiles 1
Building C object CMakeFiles/cmTryCompileExec3012303888.dir/CheckFunctionExists.c.o
/usr/bin/cc   -DCHECK_FUNCTION_EXISTS=IceConnectionNumber   -o CMakeFiles/cmTryCompileExec3012303888.dir/CheckFunctionExists.c.o   -c /usr/share/cmake-2.8/Modules/CheckFunctionExists.c
Linking C executable cmTryCompileExec3012303888
/usr/bin/cmake -E cmake_link_script CMakeFiles/cmTryCompileExec3012303888.dir/link.txt --verbose=1
/usr/bin/cc   -DCHECK_FUNCTION_EXISTS=IceConnectionNumber    CMakeFiles/cmTryCompileExec3012303888.dir/CheckFunctionExists.c.o  -o cmTryCompileExec3012303888 -rdynamic -lICE 
make[1]: Leaving directory `/home/j/pupiltracker/build/CMakeFiles/CMakeTmp'


Determining if the function png_create_read_struct exists passed with the following output:
Change Dir: /home/j/pupiltracker/build/CMakeFiles/CMakeTmp

Run Build Command:/usr/bin/make "cmTryCompileExec2218424909/fast"
/usr/bin/make -f CMakeFiles/cmTryCompileExec2218424909.dir/build.make CMakeFiles/cmTryCompileExec2218424909.dir/build
make[1]: Entering directory `/home/j/pupiltracker/build/CMakeFiles/CMakeTmp'
/usr/bin/cmake -E cmake_progress_report /home/j/pupiltracker/build/CMakeFiles/CMakeTmp/CMakeFiles 1
Building C object CMakeFiles/cmTryCompileExec2218424909.dir/CheckFunctionExists.c.o
/usr/bin/cc   -DCHECK_FUNCTION_EXISTS=png_create_read_struct   -o CMakeFiles/cmTryCompileExec2218424909.dir/CheckFunctionExists.c.o   -c /usr/share/cmake-2.8/Modules/CheckFunctionExists.c
Linking C executable cmTryCompileExec2218424909
/usr/bin/cmake -E cmake_link_script CMakeFiles/cmTryCompileExec2218424909.dir/link.txt --verbose=1
/usr/bin/cc   -DCHECK_FUNCTION_EXISTS=png_create_read_struct    CMakeFiles/cmTryCompileExec2218424909.dir/CheckFunctionExists.c.o  -o cmTryCompileExec2218424909 -rdynamic -lpng 
make[1]: Leaving directory `/home/j/pupiltracker/build/CMakeFiles/CMakeTmp'


Determining if the function jpeg_read_header exists passed with the following output:
Change Dir: /home/j/pupiltracker/build/CMakeFiles/CMakeTmp

Run Build Command:/usr/bin/make "cmTryCompileExec2959257812/fast"
/usr/bin/make -f CMakeFiles/cmTryCompileExec2959257812.dir/build.make CMakeFiles/cmTryCompileExec2959257812.dir/build
make[1]: Entering directory `/home/j/pupiltracker/build/CMakeFiles/CMakeTmp'
/usr/bin/cmake -E cmake_progress_report /home/j/pupiltracker/build/CMakeFiles/CMakeTmp/CMakeFiles 1
Building C object CMakeFiles/cmTryCompileExec2959257812.dir/CheckFunctionExists.c.o
/usr/bin/cc   -DCHECK_FUNCTION_EXISTS=jpeg_read_header   -o CMakeFiles/cmTryCompileExec2959257812.dir/CheckFunctionExists.c.o   -c /usr/share/cmake-2.8/Modules/CheckFunctionExists.c
Linking C executable cmTryCompileExec2959257812
/usr/bin/cmake -E cmake_link_script CMakeFiles/cmTryCompileExec2959257812.dir/link.txt --verbose=1
/usr/bin/cc   -DCHECK_FUNCTION_EXISTS=jpeg_read_header    CMakeFiles/cmTryCompileExec2959257812.dir/CheckFunctionExists.c.o  -o cmTryCompileExec2959257812 -rdynamic -ljpeg 
make[1]: Leaving directory `/home/j/pupiltracker/build/CMakeFiles/CMakeTmp'


Determining if the include file sys/types.h exists passed with the following output:
Change Dir: /home/j/pupiltracker/build/CMakeFiles/CMakeTmp

Run Build Command:/usr/bin/make "cmTryCompileExec1002959942/fast"
/usr/bin/make -f CMakeFiles/cmTryCompileExec1002959942.dir/build.make CMakeFiles/cmTryCompileExec1002959942.dir/build
make[1]: Entering directory `/home/j/pupiltracker/build/CMakeFiles/CMakeTmp'
/usr/bin/cmake -E cmake_progress_report /home/j/pupiltracker/build/CMakeFiles/CMakeTmp/CMakeFiles 1
Building C object CMakeFiles/cmTryCompileExec1002959942.dir/CheckIncludeFile.c.o
/usr/bin/cc    -o CMakeFiles/cmTryCompileExec1002959942.dir/CheckIncludeFile.c.o   -c /home/j/pupiltracker/build/CMakeFiles/CMakeTmp/CheckIncludeFile.c
Linking C executable cmTryCompileExec1002959942
/usr/bin/cmake -E cmake_link_script CMakeFiles/cmTryCompileExec1002959942.dir/link.txt --verbose=1
/usr/bin/cc       CMakeFiles/cmTryCompileExec1002959942.dir/CheckIncludeFile.c.o  -o cmTryCompileExec1002959942 -rdynamic 
make[1]: Leaving directory `/home/j/pupiltracker/build/CMakeFiles/CMakeTmp'


Determining if the include file stdint.h exists passed with the following output:
Change Dir: /home/j/pupiltracker/build/CMakeFiles/CMakeTmp

Run Build Command:/usr/bin/make "cmTryCompileExec2637684411/fast"
/usr/bin/make -f CMakeFiles/cmTryCompileExec2637684411.dir/build.make CMakeFiles/cmTryCompileExec2637684411.dir/build
make[1]: Entering directory `/home/j/pupiltracker/build/CMakeFiles/CMakeTmp'
/usr/bin/cmake -E cmake_progress_report /home/j/pupiltracker/build/CMakeFiles/CMakeTmp/CMakeFiles 1
Building C object CMakeFiles/cmTryCompileExec2637684411.dir/CheckIncludeFile.c.o
/usr/bin/cc    -o CMakeFiles/cmTryCompileExec2637684411.dir/CheckIncludeFile.c.o   -c /home/j/pupiltracker/build/CMakeFiles/CMakeTmp/CheckIncludeFile.c
Linking C executable cmTryCompileExec2637684411
/usr/bin/cmake -E cmake_link_script CMakeFiles/cmTryCompileExec2637684411.dir/link.txt --verbose=1
/usr/bin/cc       CMakeFiles/cmTryCompileExec2637684411.dir/CheckIncludeFile.c.o  -o cmTryCompileExec2637684411 -rdynamic 
make[1]: Leaving directory `/home/j/pupiltracker/build/CMakeFiles/CMakeTmp'


Determining if the include file stddef.h exists passed with the following output:
Change Dir: /home/j/pupiltracker/build/CMakeFiles/CMakeTmp

Run Build Command:/usr/bin/make "cmTryCompileExec2854920020/fast"
/usr/bin/make -f CMakeFiles/cmTryCompileExec2854920020.dir/build.make CMakeFiles/cmTryCompileExec2854920020.dir/build
make[1]: Entering directory `/home/j/pupiltracker/build/CMakeFiles/CMakeTmp'
/usr/bin/cmake -E cmake_progress_report /home/j/pupiltracker/build/CMakeFiles/CMakeTmp/CMakeFiles 1
Building C object CMakeFiles/cmTryCompileExec2854920020.dir/CheckIncludeFile.c.o
/usr/bin/cc    -o CMakeFiles/cmTryCompileExec2854920020.dir/CheckIncludeFile.c.o   -c /home/j/pupiltracker/build/CMakeFiles/CMakeTmp/CheckIncludeFile.c
Linking C executable cmTryCompileExec2854920020
/usr/bin/cmake -E cmake_link_script CMakeFiles/cmTryCompileExec2854920020.dir/link.txt --verbose=1
/usr/bin/cc       CMakeFiles/cmTryCompileExec2854920020.dir/CheckIncludeFile.c.o  -o cmTryCompileExec2854920020 -rdynamic 
make[1]: Leaving directory `/home/j/pupiltracker/build/CMakeFiles/CMakeTmp'


Determining size of void* passed with the following output:
Change Dir: /home/j/pupiltracker/build/CMakeFiles/CMakeTmp

Run Build Command:/usr/bin/make "cmTryCompileExec3505039976/fast"
/usr/bin/make -f CMakeFiles/cmTryCompileExec3505039976.dir/build.make CMakeFiles/cmTryCompileExec3505039976.dir/build
make[1]: Entering directory `/home/j/pupiltracker/build/CMakeFiles/CMakeTmp'
/usr/bin/cmake -E cmake_progress_report /home/j/pupiltracker/build/CMakeFiles/CMakeTmp/CMakeFiles 1
Building C object CMakeFiles/cmTryCompileExec3505039976.dir/SIZE_OF_VOID_PTR.c.o
/usr/bin/cc    -o CMakeFiles/cmTryCompileExec3505039976.dir/SIZE_OF_VOID_PTR.c.o   -c /home/j/pupiltracker/build/CMakeFiles/CheckTypeSize/SIZE_OF_VOID_PTR.c
Linking C executable cmTryCompileExec3505039976
/usr/bin/cmake -E cmake_link_script CMakeFiles/cmTryCompileExec3505039976.dir/link.txt --verbose=1
/usr/bin/cc       CMakeFiles/cmTryCompileExec3505039976.dir/SIZE_OF_VOID_PTR.c.o  -o cmTryCompileExec3505039976 -rdynamic -ljpeg 
make[1]: Leaving directory `/home/j/pupiltracker/build/CMakeFiles/CMakeTmp'


Determining if the CXX compiler has std namespace passed with the following output:
Change Dir: /home/j/pupiltracker/build/CMakeFiles/CMakeTmp

Run Build Command:/usr/bin/make "cmTryCompileExec451159877/fast"
/usr/bin/make -f CMakeFiles/cmTryCompileExec451159877.dir/build.make CMakeFiles/cmTryCompileExec451159877.dir/build
make[1]: Entering directory `/home/j/pupiltracker/build/CMakeFiles/CMakeTmp'
/usr/bin/cmake -E cmake_progress_report /home/j/pupiltracker/build/CMakeFiles/CMakeTmp/CMakeFiles 1
Building CXX object CMakeFiles/cmTryCompileExec451159877.dir/TestForSTDNamespace.cxx.o
/usr/bin/c++    -std=c++11 -Wreturn-type    -o CMakeFiles/cmTryCompileExec451159877.dir/TestForSTDNamespace.cxx.o -c /usr/share/cmake-2.8/Modules/TestForSTDNamespace.cxx
Linking CXX executable cmTryCompileExec451159877
/usr/bin/cmake -E cmake_link_script CMakeFiles/cmTryCompileExec451159877.dir/link.txt --verbose=1
/usr/bin/c++    -std=c++11 -Wreturn-type     CMakeFiles/cmTryCompileExec451159877.dir/TestForSTDNamespace.cxx.o  -o cmTryCompileExec451159877 -rdynamic 
make[1]: Leaving directory `/home/j/pupiltracker/build/CMakeFiles/CMakeTmp'


Determining if the include file iostream exists passed with the following output:
Change Dir: /home/j/pupiltracker/build/CMakeFiles/CMakeTmp

Run Build Command:/usr/bin/make "cmTryCompileExec572853661/fast"
/usr/bin/make -f CMakeFiles/cmTryCompileExec572853661.dir/build.make CMakeFiles/cmTryCompileExec572853661.dir/build
make[1]: Entering directory `/home/j/pupiltracker/build/CMakeFiles/CMakeTmp'
/usr/bin/cmake -E cmake_progress_report /home/j/pupiltracker/build/CMakeFiles/CMakeTmp/CMakeFiles 1
Building CXX object CMakeFiles/cmTryCompileExec572853661.dir/CheckIncludeFile.cxx.o
/usr/bin/c++    -std=c++11 -Wreturn-type    -o CMakeFiles/cmTryCompileExec572853661.dir/CheckIncludeFile.cxx.o -c /home/j/pupiltracker/build/CMakeFiles/CMakeTmp/CheckIncludeFile.cxx
Linking CXX executable cmTryCompileExec572853661
/usr/bin/cmake -E cmake_link_script CMakeFiles/cmTryCompileExec572853661.dir/link.txt --verbose=1
/usr/bin/c++    -std=c++11 -Wreturn-type     CMakeFiles/cmTryCompileExec572853661.dir/CheckIncludeFile.cxx.o  -o cmTryCompileExec572853661 -rdynamic 
make[1]: Leaving directory `/home/j/pupiltracker/build/CMakeFiles/CMakeTmp'


The system is: Linux - 4.10.0-30-generic - x86_64
Compiling the C compiler identification source file "CMakeCCompilerId.c" succeeded.
Compiler: /usr/bin/cc 
Build flags: 
Id flags: 

The output was:
0


Compilation of the C compiler identification source "CMakeCCompilerId.c" produced "a.out"

The C compiler identification is GNU, found in "/home/billy/Documents/PACE/build/CMakeFiles/3.5.1/CompilerIdC/a.out"

Compiling the CXX compiler identification source file "CMakeCXXCompilerId.cpp" succeeded.
Compiler: /usr/bin/c++ 
Build flags: 
Id flags: 

The output was:
0


Compilation of the CXX compiler identification source "CMakeCXXCompilerId.cpp" produced "a.out"

The CXX compiler identification is GNU, found in "/home/billy/Documents/PACE/build/CMakeFiles/3.5.1/CompilerIdCXX/a.out"

Determining if the C compiler works passed with the following output:
Change Dir: /home/billy/Documents/PACE/build/CMakeFiles/CMakeTmp

Run Build Command:"/usr/bin/make" "cmTC_708a0/fast"
make[1]: Entering directory '/home/billy/Documents/PACE/build/CMakeFiles/CMakeTmp'
/usr/bin/make -f CMakeFiles/cmTC_708a0.dir/build.make CMakeFiles/cmTC_708a0.dir/build
make[2]: Entering directory '/home/billy/Documents/PACE/build/CMakeFiles/CMakeTmp'
Building C object CMakeFiles/cmTC_708a0.dir/testCCompiler.c.o
/usr/bin/cc     -o CMakeFiles/cmTC_708a0.dir/testCCompiler.c.o   -c /home/billy/Documents/PACE/build/CMakeFiles/CMakeTmp/testCCompiler.c
Linking C executable cmTC_708a0
/usr/bin/cmake -E cmake_link_script CMakeFiles/cmTC_708a0.dir/link.txt --verbose=1
/usr/bin/cc       CMakeFiles/cmTC_708a0.dir/testCCompiler.c.o  -o cmTC_708a0 -rdynamic 
make[2]: Leaving directory '/home/billy/Documents/PACE/build/CMakeFiles/CMakeTmp'
make[1]: Leaving directory '/home/billy/Documents/PACE/build/CMakeFiles/CMakeTmp'


Detecting C compiler ABI info compiled with the following output:
Change Dir: /home/billy/Documents/PACE/build/CMakeFiles/CMakeTmp

Run Build Command:"/usr/bin/make" "cmTC_6904e/fast"
make[1]: Entering directory '/home/billy/Documents/PACE/build/CMakeFiles/CMakeTmp'
/usr/bin/make -f CMakeFiles/cmTC_6904e.dir/build.make CMakeFiles/cmTC_6904e.dir/build
make[2]: Entering directory '/home/billy/Documents/PACE/build/CMakeFiles/CMakeTmp'
Building C object CMakeFiles/cmTC_6904e.dir/CMakeCCompilerABI.c.o
/usr/bin/cc     -o CMakeFiles/cmTC_6904e.dir/CMakeCCompilerABI.c.o   -c /usr/share/cmake-3.5/Modules/CMakeCCompilerABI.c
Linking C executable cmTC_6904e
/usr/bin/cmake -E cmake_link_script CMakeFiles/cmTC_6904e.dir/link.txt --verbose=1
/usr/bin/cc      -v CMakeFiles/cmTC_6904e.dir/CMakeCCompilerABI.c.o  -o cmTC_6904e -rdynamic  
Using built-in specs.
COLLECT_GCC=/usr/bin/cc
COLLECT_LTO_WRAPPER=/usr/lib/gcc/x86_64-linux-gnu/5/lto-wrapper
Target: x86_64-linux-gnu
Configured with: ../src/configure -v --with-pkgversion='Ubuntu 5.4.0-6ubuntu1~16.04.4' --with-bugurl=file:///usr/share/doc/gcc-5/README.Bugs --enable-languages=c,ada,c++,java,go,d,fortran,objc,obj-c++ --prefix=/usr --program-suffix=-5 --enable-shared --enable-linker-build-id --libexecdir=/usr/lib --without-included-gettext --enable-threads=posix --libdir=/usr/lib --enable-nls --with-sysroot=/ --enable-clocale=gnu --enable-libstdcxx-debug --enable-libstdcxx-time=yes --with-default-libstdcxx-abi=new --enable-gnu-unique-object --disable-vtable-verify --enable-libmpx --enable-plugin --with-system-zlib --disable-browser-plugin --enable-java-awt=gtk --enable-gtk-cairo --with-java-home=/usr/lib/jvm/java-1.5.0-gcj-5-amd64/jre --enable-java-home --with-jvm-root-dir=/usr/lib/jvm/java-1.5.0-gcj-5-amd64 --with-jvm-jar-dir=/usr/lib/jvm-exports/java-1.5.0-gcj-5-amd64 --with-arch-directory=amd64 --with-ecj-jar=/usr/share/java/eclipse-ecj.jar --enable-objc-gc --enable-multiarch --disable-werror --with-arch-32=i686 --with-abi=m64 --with-multilib-list=m32,m64,mx32 --enable-multilib --with-tune=generic --enable-checking=release --build=x86_64-linux-gnu --host=x86_64-linux-gnu --target=x86_64-linux-gnu
Thread model: posix
gcc version 5.4.0 20160609 (Ubuntu 5.4.0-6ubuntu1~16.04.4) 
COMPILER_PATH=/usr/lib/gcc/x86_64-linux-gnu/5/:/usr/lib/gcc/x86_64-linux-gnu/5/:/usr/lib/gcc/x86_64-linux-gnu/:/usr/lib/gcc/x86_64-linux-gnu/5/:/usr/lib/gcc/x86_64-linux-gnu/
LIBRARY_PATH=/usr/lib/gcc/x86_64-linux-gnu/5/:/usr/lib/gcc/x86_64-linux-gnu/5/../../../x86_64-linux-gnu/:/usr/lib/gcc/x86_64-linux-gnu/5/../../../../lib/:/lib/x86_64-linux-gnu/:/lib/../lib/:/usr/lib/x86_64-linux-gnu/:/usr/lib/../lib/:/usr/lib/gcc/x86_64-linux-gnu/5/../../../:/lib/:/usr/lib/
COLLECT_GCC_OPTIONS='-v' '-o' 'cmTC_6904e' '-rdynamic' '-mtune=generic' '-march=x86-64'
 /usr/lib/gcc/x86_64-linux-gnu/5/collect2 -plugin /usr/lib/gcc/x86_64-linux-gnu/5/liblto_plugin.so -plugin-opt=/usr/lib/gcc/x86_64-linux-gnu/5/lto-wrapper -plugin-opt=-fresolution=/tmp/ccDcwPkf.res -plugin-opt=-pass-through=-lgcc -plugin-opt=-pass-through=-lgcc_s -plugin-opt=-pass-through=-lc -plugin-opt=-pass-through=-lgcc -plugin-opt=-pass-through=-lgcc_s --sysroot=/ --build-id --eh-frame-hdr -m elf_x86_64 --hash-style=gnu --as-needed -export-dynamic -dynamic-linker /lib64/ld-linux-x86-64.so.2 -z relro -o cmTC_6904e /usr/lib/gcc/x86_64-linux-gnu/5/../../../x86_64-linux-gnu/crt1.o /usr/lib/gcc/x86_64-linux-gnu/5/../../../x86_64-linux-gnu/crti.o /usr/lib/gcc/x86_64-linux-gnu/5/crtbegin.o -L/usr/lib/gcc/x86_64-linux-gnu/5 -L/usr/lib/gcc/x86_64-linux-gnu/5/../../../x86_64-linux-gnu -L/usr/lib/gcc/x86_64-linux-gnu/5/../../../../lib -L/lib/x86_64-linux-gnu -L/lib/../lib -L/usr/lib/x86_64-linux-gnu -L/usr/lib/../lib -L/usr/lib/gcc/x86_64-linux-gnu/5/../../.. CMakeFiles/cmTC_6904e.dir/CMakeCCompilerABI.c.o -lgcc --as-needed -lgcc_s --no-as-needed -lc -lgcc --as-needed -lgcc_s --no-as-needed /usr/lib/gcc/x86_64-linux-gnu/5/crtend.o /usr/lib/gcc/x86_64-linux-gnu/5/../../../x86_64-linux-gnu/crtn.o
make[2]: Leaving directory '/home/billy/Documents/PACE/build/CMakeFiles/CMakeTmp'
make[1]: Leaving directory '/home/billy/Documents/PACE/build/CMakeFiles/CMakeTmp'


Parsed C implicit link information from above output:
  link line regex: [^( *|.*[/\])(ld|([^/\]+-)?ld|collect2)[^/\]*( |$)]
  ignore line: [Change Dir: /home/billy/Documents/PACE/build/CMakeFiles/CMakeTmp]
  ignore line: []
  ignore line: [Run Build Command:"/usr/bin/make" "cmTC_6904e/fast"]
  ignore line: [make[1]: Entering directory '/home/billy/Documents/PACE/build/CMakeFiles/CMakeTmp']
  ignore line: [/usr/bin/make -f CMakeFiles/cmTC_6904e.dir/build.make CMakeFiles/cmTC_6904e.dir/build]
  ignore line: [make[2]: Entering directory '/home/billy/Documents/PACE/build/CMakeFiles/CMakeTmp']
  ignore line: [Building C object CMakeFiles/cmTC_6904e.dir/CMakeCCompilerABI.c.o]
  ignore line: [/usr/bin/cc     -o CMakeFiles/cmTC_6904e.dir/CMakeCCompilerABI.c.o   -c /usr/share/cmake-3.5/Modules/CMakeCCompilerABI.c]
  ignore line: [Linking C executable cmTC_6904e]
  ignore line: [/usr/bin/cmake -E cmake_link_script CMakeFiles/cmTC_6904e.dir/link.txt --verbose=1]
  ignore line: [/usr/bin/cc      -v CMakeFiles/cmTC_6904e.dir/CMakeCCompilerABI.c.o  -o cmTC_6904e -rdynamic  ]
  ignore line: [Using built-in specs.]
  ignore line: [COLLECT_GCC=/usr/bin/cc]
  ignore line: [COLLECT_LTO_WRAPPER=/usr/lib/gcc/x86_64-linux-gnu/5/lto-wrapper]
  ignore line: [Target: x86_64-linux-gnu]
  ignore line: [Configured with: ../src/configure -v --with-pkgversion='Ubuntu 5.4.0-6ubuntu1~16.04.4' --with-bugurl=file:///usr/share/doc/gcc-5/README.Bugs --enable-languages=c,ada,c++,java,go,d,fortran,objc,obj-c++ --prefix=/usr --program-suffix=-5 --enable-shared --enable-linker-build-id --libexecdir=/usr/lib --without-included-gettext --enable-threads=posix --libdir=/usr/lib --enable-nls --with-sysroot=/ --enable-clocale=gnu --enable-libstdcxx-debug --enable-libstdcxx-time=yes --with-default-libstdcxx-abi=new --enable-gnu-unique-object --disable-vtable-verify --enable-libmpx --enable-plugin --with-system-zlib --disable-browser-plugin --enable-java-awt=gtk --enable-gtk-cairo --with-java-home=/usr/lib/jvm/java-1.5.0-gcj-5-amd64/jre --enable-java-home --with-jvm-root-dir=/usr/lib/jvm/java-1.5.0-gcj-5-amd64 --with-jvm-jar-dir=/usr/lib/jvm-exports/java-1.5.0-gcj-5-amd64 --with-arch-directory=amd64 --with-ecj-jar=/usr/share/java/eclipse-ecj.jar --enable-objc-gc --enable-multiarch --disable-werror --with-arch-32=i686 --with-abi=m64 --with-multilib-list=m32,m64,mx32 --enable-multilib --with-tune=generic --enable-checking=release --build=x86_64-linux-gnu --host=x86_64-linux-gnu --target=x86_64-linux-gnu]
  ignore line: [Thread model: posix]
  ignore line: [gcc version 5.4.0 20160609 (Ubuntu 5.4.0-6ubuntu1~16.04.4) ]
  ignore line: [COMPILER_PATH=/usr/lib/gcc/x86_64-linux-gnu/5/:/usr/lib/gcc/x86_64-linux-gnu/5/:/usr/lib/gcc/x86_64-linux-gnu/:/usr/lib/gcc/x86_64-linux-gnu/5/:/usr/lib/gcc/x86_64-linux-gnu/]
  ignore line: [LIBRARY_PATH=/usr/lib/gcc/x86_64-linux-gnu/5/:/usr/lib/gcc/x86_64-linux-gnu/5/../../../x86_64-linux-gnu/:/usr/lib/gcc/x86_64-linux-gnu/5/../../../../lib/:/lib/x86_64-linux-gnu/:/lib/../lib/:/usr/lib/x86_64-linux-gnu/:/usr/lib/../lib/:/usr/lib/gcc/x86_64-linux-gnu/5/../../../:/lib/:/usr/lib/]
  ignore line: [COLLECT_GCC_OPTIONS='-v' '-o' 'cmTC_6904e' '-rdynamic' '-mtune=generic' '-march=x86-64']
  link line: [ /usr/lib/gcc/x86_64-linux-gnu/5/collect2 -plugin /usr/lib/gcc/x86_64-linux-gnu/5/liblto_plugin.so -plugin-opt=/usr/lib/gcc/x86_64-linux-gnu/5/lto-wrapper -plugin-opt=-fresolution=/tmp/ccDcwPkf.res -plugin-opt=-pass-through=-lgcc -plugin-opt=-pass-through=-lgcc_s -plugin-opt=-pass-through=-lc -plugin-opt=-pass-through=-lgcc -plugin-opt=-pass-through=-lgcc_s --sysroot=/ --build-id --eh-frame-hdr -m elf_x86_64 --hash-style=gnu --as-needed -export-dynamic -dynamic-linker /lib64/ld-linux-x86-64.so.2 -z relro -o cmTC_6904e /usr/lib/gcc/x86_64-linux-gnu/5/../../../x86_64-linux-gnu/crt1.o /usr/lib/gcc/x86_64-linux-gnu/5/../../../x86_64-linux-gnu/crti.o /usr/lib/gcc/x86_64-linux-gnu/5/crtbegin.o -L/usr/lib/gcc/x86_64-linux-gnu/5 -L/usr/lib/gcc/x86_64-linux-gnu/5/../../../x86_64-linux-gnu -L/usr/lib/gcc/x86_64-linux-gnu/5/../../../../lib -L/lib/x86_64-linux-gnu -L/lib/../lib -L/usr/lib/x86_64-linux-gnu -L/usr/lib/../lib -L/usr/lib/gcc/x86_64-linux-gnu/5/../../.. CMakeFiles/cmTC_6904e.dir/CMakeCCompilerABI.c.o -lgcc --as-needed -lgcc_s --no-as-needed -lc -lgcc --as-needed -lgcc_s --no-as-needed /usr/lib/gcc/x86_64-linux-gnu/5/crtend.o /usr/lib/gcc/x86_64-linux-gnu/5/../../../x86_64-linux-gnu/crtn.o]
    arg [/usr/lib/gcc/x86_64-linux-gnu/5/collect2] ==> ignore
    arg [-plugin] ==> ignore
    arg [/usr/lib/gcc/x86_64-linux-gnu/5/liblto_plugin.so] ==> ignore
    arg [-plugin-opt=/usr/lib/gcc/x86_64-linux-gnu/5/lto-wrapper] ==> ignore
    arg [-plugin-opt=-fresolution=/tmp/ccDcwPkf.res] ==> ignore
    arg [-plugin-opt=-pass-through=-lgcc] ==> ignore
    arg [-plugin-opt=-pass-through=-lgcc_s] ==> ignore
    arg [-plugin-opt=-pass-through=-lc] ==> ignore
    arg [-plugin-opt=-pass-through=-lgcc] ==> ignore
    arg [-plugin-opt=-pass-through=-lgcc_s] ==> ignore
    arg [--sysroot=/] ==> ignore
    arg [--build-id] ==> ignore
    arg [--eh-frame-hdr] ==> ignore
    arg [-m] ==> ignore
    arg [elf_x86_64] ==> ignore
    arg [--hash-style=gnu] ==> ignore
    arg [--as-needed] ==> ignore
    arg [-export-dynamic] ==> ignore
    arg [-dynamic-linker] ==> ignore
    arg [/lib64/ld-linux-x86-64.so.2] ==> ignore
    arg [-zrelro] ==> ignore
    arg [-o] ==> ignore
    arg [cmTC_6904e] ==> ignore
    arg [/usr/lib/gcc/x86_64-linux-gnu/5/../../../x86_64-linux-gnu/crt1.o] ==> ignore
    arg [/usr/lib/gcc/x86_64-linux-gnu/5/../../../x86_64-linux-gnu/crti.o] ==> ignore
    arg [/usr/lib/gcc/x86_64-linux-gnu/5/crtbegin.o] ==> ignore
    arg [-L/usr/lib/gcc/x86_64-linux-gnu/5] ==> dir [/usr/lib/gcc/x86_64-linux-gnu/5]
    arg [-L/usr/lib/gcc/x86_64-linux-gnu/5/../../../x86_64-linux-gnu] ==> dir [/usr/lib/gcc/x86_64-linux-gnu/5/../../../x86_64-linux-gnu]
    arg [-L/usr/lib/gcc/x86_64-linux-gnu/5/../../../../lib] ==> dir [/usr/lib/gcc/x86_64-linux-gnu/5/../../../../lib]
    arg [-L/lib/x86_64-linux-gnu] ==> dir [/lib/x86_64-linux-gnu]
    arg [-L/lib/../lib] ==> dir [/lib/../lib]
    arg [-L/usr/lib/x86_64-linux-gnu] ==> dir [/usr/lib/x86_64-linux-gnu]
    arg [-L/usr/lib/../lib] ==> dir [/usr/lib/../lib]
    arg [-L/usr/lib/gcc/x86_64-linux-gnu/5/../../..] ==> dir [/usr/lib/gcc/x86_64-linux-gnu/5/../../..]
    arg [CMakeFiles/cmTC_6904e.dir/CMakeCCompilerABI.c.o] ==> ignore
    arg [-lgcc] ==> lib [gcc]
    arg [--as-needed] ==> ignore
    arg [-lgcc_s] ==> lib [gcc_s]
    arg [--no-as-needed] ==> ignore
    arg [-lc] ==> lib [c]
    arg [-lgcc] ==> lib [gcc]
    arg [--as-needed] ==> ignore
    arg [-lgcc_s] ==> lib [gcc_s]
    arg [--no-as-needed] ==> ignore
    arg [/usr/lib/gcc/x86_64-linux-gnu/5/crtend.o] ==> ignore
    arg [/usr/lib/gcc/x86_64-linux-gnu/5/../../../x86_64-linux-gnu/crtn.o] ==> ignore
  remove lib [gcc]
  remove lib [gcc_s]
  remove lib [gcc]
  remove lib [gcc_s]
  collapse library dir [/usr/lib/gcc/x86_64-linux-gnu/5] ==> [/usr/lib/gcc/x86_64-linux-gnu/5]
  collapse library dir [/usr/lib/gcc/x86_64-linux-gnu/5/../../../x86_64-linux-gnu] ==> [/usr/lib/x86_64-linux-gnu]
  collapse library dir [/usr/lib/gcc/x86_64-linux-gnu/5/../../../../lib] ==> [/usr/lib]
  collapse library dir [/lib/x86_64-linux-gnu] ==> [/lib/x86_64-linux-gnu]
  collapse library dir [/lib/../lib] ==> [/lib]
  collapse library dir [/usr/lib/x86_64-linux-gnu] ==> [/usr/lib/x86_64-linux-gnu]
  collapse library dir [/usr/lib/../lib] ==> [/usr/lib]
  collapse library dir [/usr/lib/gcc/x86_64-linux-gnu/5/../../..] ==> [/usr/lib]
  implicit libs: [c]
  implicit dirs: [/usr/lib/gcc/x86_64-linux-gnu/5;/usr/lib/x86_64-linux-gnu;/usr/lib;/lib/x86_64-linux-gnu;/lib]
  implicit fwks: []




Detecting C [-std=c11] compiler features compiled with the following output:
Change Dir: /home/billy/Documents/PACE/build/CMakeFiles/CMakeTmp

Run Build Command:"/usr/bin/make" "cmTC_7aae3/fast"
make[1]: Entering directory '/home/billy/Documents/PACE/build/CMakeFiles/CMakeTmp'
/usr/bin/make -f CMakeFiles/cmTC_7aae3.dir/build.make CMakeFiles/cmTC_7aae3.dir/build
make[2]: Entering directory '/home/billy/Documents/PACE/build/CMakeFiles/CMakeTmp'
Building C object CMakeFiles/cmTC_7aae3.dir/feature_tests.c.o
/usr/bin/cc    -std=c11 -o CMakeFiles/cmTC_7aae3.dir/feature_tests.c.o   -c /home/billy/Documents/PACE/build/CMakeFiles/feature_tests.c
Linking C executable cmTC_7aae3
/usr/bin/cmake -E cmake_link_script CMakeFiles/cmTC_7aae3.dir/link.txt --verbose=1
/usr/bin/cc       CMakeFiles/cmTC_7aae3.dir/feature_tests.c.o  -o cmTC_7aae3 -rdynamic 
make[2]: Leaving directory '/home/billy/Documents/PACE/build/CMakeFiles/CMakeTmp'
make[1]: Leaving directory '/home/billy/Documents/PACE/build/CMakeFiles/CMakeTmp'


    Feature record: C_FEATURE:1c_function_prototypes
    Feature record: C_FEATURE:1c_restrict
    Feature record: C_FEATURE:1c_static_assert
    Feature record: C_FEATURE:1c_variadic_macros


Detecting C [-std=c99] compiler features compiled with the following output:
Change Dir: /home/billy/Documents/PACE/build/CMakeFiles/CMakeTmp

Run Build Command:"/usr/bin/make" "cmTC_21fa6/fast"
make[1]: Entering directory '/home/billy/Documents/PACE/build/CMakeFiles/CMakeTmp'
/usr/bin/make -f CMakeFiles/cmTC_21fa6.dir/build.make CMakeFiles/cmTC_21fa6.dir/build
make[2]: Entering directory '/home/billy/Documents/PACE/build/CMakeFiles/CMakeTmp'
Building C object CMakeFiles/cmTC_21fa6.dir/feature_tests.c.o
/usr/bin/cc    -std=c99 -o CMakeFiles/cmTC_21fa6.dir/feature_tests.c.o   -c /home/billy/Documents/PACE/build/CMakeFiles/feature_tests.c
Linking C executable cmTC_21fa6
/usr/bin/cmake -E cmake_link_script CMakeFiles/cmTC_21fa6.dir/link.txt --verbose=1
/usr/bin/cc       CMakeFiles/cmTC_21fa6.dir/feature_tests.c.o  -o cmTC_21fa6 -rdynamic 
make[2]: Leaving directory '/home/billy/Documents/PACE/build/CMakeFiles/CMakeTmp'
make[1]: Leaving directory '/home/billy/Documents/PACE/build/CMakeFiles/CMakeTmp'


    Feature record: C_FEATURE:1c_function_prototypes
    Feature record: C_FEATURE:1c_restrict
    Feature record: C_FEATURE:0c_static_assert
    Feature record: C_FEATURE:1c_variadic_macros


Detecting C [-std=c90] compiler features compiled with the following output:
Change Dir: /home/billy/Documents/PACE/build/CMakeFiles/CMakeTmp

Run Build Command:"/usr/bin/make" "cmTC_39cba/fast"
make[1]: Entering directory '/home/billy/Documents/PACE/build/CMakeFiles/CMakeTmp'
/usr/bin/make -f CMakeFiles/cmTC_39cba.dir/build.make CMakeFiles/cmTC_39cba.dir/build
make[2]: Entering directory '/home/billy/Documents/PACE/build/CMakeFiles/CMakeTmp'
Building C object CMakeFiles/cmTC_39cba.dir/feature_tests.c.o
/usr/bin/cc    -std=c90 -o CMakeFiles/cmTC_39cba.dir/feature_tests.c.o   -c /home/billy/Documents/PACE/build/CMakeFiles/feature_tests.c
Linking C executable cmTC_39cba
/usr/bin/cmake -E cmake_link_script CMakeFiles/cmTC_39cba.dir/link.txt --verbose=1
/usr/bin/cc       CMakeFiles/cmTC_39cba.dir/feature_tests.c.o  -o cmTC_39cba -rdynamic 
make[2]: Leaving directory '/home/billy/Documents/PACE/build/CMakeFiles/CMakeTmp'
make[1]: Leaving directory '/home/billy/Documents/PACE/build/CMakeFiles/CMakeTmp'


    Feature record: C_FEATURE:1c_function_prototypes
    Feature record: C_FEATURE:0c_restrict
    Feature record: C_FEATURE:0c_static_assert
    Feature record: C_FEATURE:0c_variadic_macros
Determining if the CXX compiler works passed with the following output:
Change Dir: /home/billy/Documents/PACE/build/CMakeFiles/CMakeTmp

Run Build Command:"/usr/bin/make" "cmTC_9b656/fast"
make[1]: Entering directory '/home/billy/Documents/PACE/build/CMakeFiles/CMakeTmp'
/usr/bin/make -f CMakeFiles/cmTC_9b656.dir/build.make CMakeFiles/cmTC_9b656.dir/build
make[2]: Entering directory '/home/billy/Documents/PACE/build/CMakeFiles/CMakeTmp'
Building CXX object CMakeFiles/cmTC_9b656.dir/testCXXCompiler.cxx.o
/usr/bin/c++      -o CMakeFiles/cmTC_9b656.dir/testCXXCompiler.cxx.o -c /home/billy/Documents/PACE/build/CMakeFiles/CMakeTmp/testCXXCompiler.cxx
Linking CXX executable cmTC_9b656
/usr/bin/cmake -E cmake_link_script CMakeFiles/cmTC_9b656.dir/link.txt --verbose=1
/usr/bin/c++        CMakeFiles/cmTC_9b656.dir/testCXXCompiler.cxx.o  -o cmTC_9b656 -rdynamic 
make[2]: Leaving directory '/home/billy/Documents/PACE/build/CMakeFiles/CMakeTmp'
make[1]: Leaving directory '/home/billy/Documents/PACE/build/CMakeFiles/CMakeTmp'


Detecting CXX compiler ABI info compiled with the following output:
Change Dir: /home/billy/Documents/PACE/build/CMakeFiles/CMakeTmp

Run Build Command:"/usr/bin/make" "cmTC_ed48b/fast"
make[1]: Entering directory '/home/billy/Documents/PACE/build/CMakeFiles/CMakeTmp'
/usr/bin/make -f CMakeFiles/cmTC_ed48b.dir/build.make CMakeFiles/cmTC_ed48b.dir/build
make[2]: Entering directory '/home/billy/Documents/PACE/build/CMakeFiles/CMakeTmp'
Building CXX object CMakeFiles/cmTC_ed48b.dir/CMakeCXXCompilerABI.cpp.o
/usr/bin/c++      -o CMakeFiles/cmTC_ed48b.dir/CMakeCXXCompilerABI.cpp.o -c /usr/share/cmake-3.5/Modules/CMakeCXXCompilerABI.cpp
Linking CXX executable cmTC_ed48b
/usr/bin/cmake -E cmake_link_script CMakeFiles/cmTC_ed48b.dir/link.txt --verbose=1
/usr/bin/c++       -v CMakeFiles/cmTC_ed48b.dir/CMakeCXXCompilerABI.cpp.o  -o cmTC_ed48b -rdynamic  
Using built-in specs.
COLLECT_GCC=/usr/bin/c++
COLLECT_LTO_WRAPPER=/usr/lib/gcc/x86_64-linux-gnu/5/lto-wrapper
Target: x86_64-linux-gnu
Configured with: ../src/configure -v --with-pkgversion='Ubuntu 5.4.0-6ubuntu1~16.04.4' --with-bugurl=file:///usr/share/doc/gcc-5/README.Bugs --enable-languages=c,ada,c++,java,go,d,fortran,objc,obj-c++ --prefix=/usr --program-suffix=-5 --enable-shared --enable-linker-build-id --libexecdir=/usr/lib --without-included-gettext --enable-threads=posix --libdir=/usr/lib --enable-nls --with-sysroot=/ --enable-clocale=gnu --enable-libstdcxx-debug --enable-libstdcxx-time=yes --with-default-libstdcxx-abi=new --enable-gnu-unique-object --disable-vtable-verify --enable-libmpx --enable-plugin --with-system-zlib --disable-browser-plugin --enable-java-awt=gtk --enable-gtk-cairo --with-java-home=/usr/lib/jvm/java-1.5.0-gcj-5-amd64/jre --enable-java-home --with-jvm-root-dir=/usr/lib/jvm/java-1.5.0-gcj-5-amd64 --with-jvm-jar-dir=/usr/lib/jvm-exports/java-1.5.0-gcj-5-amd64 --with-arch-directory=amd64 --with-ecj-jar=/usr/share/java/eclipse-ecj.jar --enable-objc-gc --enable-multiarch --disable-werror --with-arch-32=i686 --with-abi=m64 --with-multilib-list=m32,m64,mx32 --enable-multilib --with-tune=generic --enable-checking=release --build=x86_64-linux-gnu --host=x86_64-linux-gnu --target=x86_64-linux-gnu
Thread model: posix
gcc version 5.4.0 20160609 (Ubuntu 5.4.0-6ubuntu1~16.04.4) 
COMPILER_PATH=/usr/lib/gcc/x86_64-linux-gnu/5/:/usr/lib/gcc/x86_64-linux-gnu/5/:/usr/lib/gcc/x86_64-linux-gnu/:/usr/lib/gcc/x86_64-linux-gnu/5/:/usr/lib/gcc/x86_64-linux-gnu/
LIBRARY_PATH=/usr/lib/gcc/x86_64-linux-gnu/5/:/usr/lib/gcc/x86_64-linux-gnu/5/../../../x86_64-linux-gnu/:/usr/lib/gcc/x86_64-linux-gnu/5/../../../../lib/:/lib/x86_64-linux-gnu/:/lib/../lib/:/usr/lib/x86_64-linux-gnu/:/usr/lib/../lib/:/usr/lib/gcc/x86_64-linux-gnu/5/../../../:/lib/:/usr/lib/
COLLECT_GCC_OPTIONS='-v' '-o' 'cmTC_ed48b' '-rdynamic' '-shared-libgcc' '-mtune=generic' '-march=x86-64'
 /usr/lib/gcc/x86_64-linux-gnu/5/collect2 -plugin /usr/lib/gcc/x86_64-linux-gnu/5/liblto_plugin.so -plugin-opt=/usr/lib/gcc/x86_64-linux-gnu/5/lto-wrapper -plugin-opt=-fresolution=/tmp/ccx8micA.res -plugin-opt=-pass-through=-lgcc_s -plugin-opt=-pass-through=-lgcc -plugin-opt=-pass-through=-lc -plugin-opt=-pass-through=-lgcc_s -plugin-opt=-pass-through=-lgcc --sysroot=/ --build-id --eh-frame-hdr -m elf_x86_64 --hash-style=gnu --as-needed -export-dynamic -dynamic-linker /lib64/ld-linux-x86-64.so.2 -z relro -o cmTC_ed48b /usr/lib/gcc/x86_64-linux-gnu/5/../../../x86_64-linux-gnu/crt1.o /usr/lib/gcc/x86_64-linux-gnu/5/../../../x86_64-linux-gnu/crti.o /usr/lib/gcc/x86_64-linux-gnu/5/crtbegin.o -L/usr/lib/gcc/x86_64-linux-gnu/5 -L/usr/lib/gcc/x86_64-linux-gnu/5/../../../x86_64-linux-gnu -L/usr/lib/gcc/x86_64-linux-gnu/5/../../../../lib -L/lib/x86_64-linux-gnu -L/lib/../lib -L/usr/lib/x86_64-linux-gnu -L/usr/lib/../lib -L/usr/lib/gcc/x86_64-linux-gnu/5/../../.. CMakeFiles/cmTC_ed48b.dir/CMakeCXXCompilerABI.cpp.o -lstdc++ -lm -lgcc_s -lgcc -lc -lgcc_s -lgcc /usr/lib/gcc/x86_64-linux-gnu/5/crtend.o /usr/lib/gcc/x86_64-linux-gnu/5/../../../x86_64-linux-gnu/crtn.o
make[2]: Leaving directory '/home/billy/Documents/PACE/build/CMakeFiles/CMakeTmp'
make[1]: Leaving directory '/home/billy/Documents/PACE/build/CMakeFiles/CMakeTmp'


Parsed CXX implicit link information from above output:
  link line regex: [^( *|.*[/\])(ld|([^/\]+-)?ld|collect2)[^/\]*( |$)]
  ignore line: [Change Dir: /home/billy/Documents/PACE/build/CMakeFiles/CMakeTmp]
  ignore line: []
  ignore line: [Run Build Command:"/usr/bin/make" "cmTC_ed48b/fast"]
  ignore line: [make[1]: Entering directory '/home/billy/Documents/PACE/build/CMakeFiles/CMakeTmp']
  ignore line: [/usr/bin/make -f CMakeFiles/cmTC_ed48b.dir/build.make CMakeFiles/cmTC_ed48b.dir/build]
  ignore line: [make[2]: Entering directory '/home/billy/Documents/PACE/build/CMakeFiles/CMakeTmp']
  ignore line: [Building CXX object CMakeFiles/cmTC_ed48b.dir/CMakeCXXCompilerABI.cpp.o]
  ignore line: [/usr/bin/c++      -o CMakeFiles/cmTC_ed48b.dir/CMakeCXXCompilerABI.cpp.o -c /usr/share/cmake-3.5/Modules/CMakeCXXCompilerABI.cpp]
  ignore line: [Linking CXX executable cmTC_ed48b]
  ignore line: [/usr/bin/cmake -E cmake_link_script CMakeFiles/cmTC_ed48b.dir/link.txt --verbose=1]
  ignore line: [/usr/bin/c++       -v CMakeFiles/cmTC_ed48b.dir/CMakeCXXCompilerABI.cpp.o  -o cmTC_ed48b -rdynamic  ]
  ignore line: [Using built-in specs.]
  ignore line: [COLLECT_GCC=/usr/bin/c++]
  ignore line: [COLLECT_LTO_WRAPPER=/usr/lib/gcc/x86_64-linux-gnu/5/lto-wrapper]
  ignore line: [Target: x86_64-linux-gnu]
  ignore line: [Configured with: ../src/configure -v --with-pkgversion='Ubuntu 5.4.0-6ubuntu1~16.04.4' --with-bugurl=file:///usr/share/doc/gcc-5/README.Bugs --enable-languages=c,ada,c++,java,go,d,fortran,objc,obj-c++ --prefix=/usr --program-suffix=-5 --enable-shared --enable-linker-build-id --libexecdir=/usr/lib --without-included-gettext --enable-threads=posix --libdir=/usr/lib --enable-nls --with-sysroot=/ --enable-clocale=gnu --enable-libstdcxx-debug --enable-libstdcxx-time=yes --with-default-libstdcxx-abi=new --enable-gnu-unique-object --disable-vtable-verify --enable-libmpx --enable-plugin --with-system-zlib --disable-browser-plugin --enable-java-awt=gtk --enable-gtk-cairo --with-java-home=/usr/lib/jvm/java-1.5.0-gcj-5-amd64/jre --enable-java-home --with-jvm-root-dir=/usr/lib/jvm/java-1.5.0-gcj-5-amd64 --with-jvm-jar-dir=/usr/lib/jvm-exports/java-1.5.0-gcj-5-amd64 --with-arch-directory=amd64 --with-ecj-jar=/usr/share/java/eclipse-ecj.jar --enable-objc-gc --enable-multiarch --disable-werror --with-arch-32=i686 --with-abi=m64 --with-multilib-list=m32,m64,mx32 --enable-multilib --with-tune=generic --enable-checking=release --build=x86_64-linux-gnu --host=x86_64-linux-gnu --target=x86_64-linux-gnu]
  ignore line: [Thread model: posix]
  ignore line: [gcc version 5.4.0 20160609 (Ubuntu 5.4.0-6ubuntu1~16.04.4) ]
  ignore line: [COMPILER_PATH=/usr/lib/gcc/x86_64-linux-gnu/5/:/usr/lib/gcc/x86_64-linux-gnu/5/:/usr/lib/gcc/x86_64-linux-gnu/:/usr/lib/gcc/x86_64-linux-gnu/5/:/usr/lib/gcc/x86_64-linux-gnu/]
  ignore line: [LIBRARY_PATH=/usr/lib/gcc/x86_64-linux-gnu/5/:/usr/lib/gcc/x86_64-linux-gnu/5/../../../x86_64-linux-gnu/:/usr/lib/gcc/x86_64-linux-gnu/5/../../../../lib/:/lib/x86_64-linux-gnu/:/lib/../lib/:/usr/lib/x86_64-linux-gnu/:/usr/lib/../lib/:/usr/lib/gcc/x86_64-linux-gnu/5/../../../:/lib/:/usr/lib/]
  ignore line: [COLLECT_GCC_OPTIONS='-v' '-o' 'cmTC_ed48b' '-rdynamic' '-shared-libgcc' '-mtune=generic' '-march=x86-64']
  link line: [ /usr/lib/gcc/x86_64-linux-gnu/5/collect2 -plugin /usr/lib/gcc/x86_64-linux-gnu/5/liblto_plugin.so -plugin-opt=/usr/lib/gcc/x86_64-linux-gnu/5/lto-wrapper -plugin-opt=-fresolution=/tmp/ccx8micA.res -plugin-opt=-pass-through=-lgcc_s -plugin-opt=-pass-through=-lgcc -plugin-opt=-pass-through=-lc -plugin-opt=-pass-through=-lgcc_s -plugin-opt=-pass-through=-lgcc --sysroot=/ --build-id --eh-frame-hdr -m elf_x86_64 --hash-style=gnu --as-needed -export-dynamic -dynamic-linker /lib64/ld-linux-x86-64.so.2 -z relro -o cmTC_ed48b /usr/lib/gcc/x86_64-linux-gnu/5/../../../x86_64-linux-gnu/crt1.o /usr/lib/gcc/x86_64-linux-gnu/5/../../../x86_64-linux-gnu/crti.o /usr/lib/gcc/x86_64-linux-gnu/5/crtbegin.o -L/usr/lib/gcc/x86_64-linux-gnu/5 -L/usr/lib/gcc/x86_64-linux-gnu/5/../../../x86_64-linux-gnu -L/usr/lib/gcc/x86_64-linux-gnu/5/../../../../lib -L/lib/x86_64-linux-gnu -L/lib/../lib -L/usr/lib/x86_64-linux-gnu -L/usr/lib/../lib -L/usr/lib/gcc/x86_64-linux-gnu/5/../../.. CMakeFiles/cmTC_ed48b.dir/CMakeCXXCompilerABI.cpp.o -lstdc++ -lm -lgcc_s -lgcc -lc -lgcc_s -lgcc /usr/lib/gcc/x86_64-linux-gnu/5/crtend.o /usr/lib/gcc/x86_64-linux-gnu/5/../../../x86_64-linux-gnu/crtn.o]
    arg [/usr/lib/gcc/x86_64-linux-gnu/5/collect2] ==> ignore
    arg [-plugin] ==> ignore
    arg [/usr/lib/gcc/x86_64-linux-gnu/5/liblto_plugin.so] ==> ignore
    arg [-plugin-opt=/usr/lib/gcc/x86_64-linux-gnu/5/lto-wrapper] ==> ignore
    arg [-plugin-opt=-fresolution=/tmp/ccx8micA.res] ==> ignore
    arg [-plugin-opt=-pass-through=-lgcc_s] ==> ignore
    arg [-plugin-opt=-pass-through=-lgcc] ==> ignore
    arg [-plugin-opt=-pass-through=-lc] ==> ignore
    arg [-plugin-opt=-pass-through=-lgcc_s] ==> ignore
    arg [-plugin-opt=-pass-through=-lgcc] ==> ignore
    arg [--sysroot=/] ==> ignore
    arg [--build-id] ==> ignore
    arg [--eh-frame-hdr] ==> ignore
    arg [-m] ==> ignore
    arg [elf_x86_64] ==> ignore
    arg [--hash-style=gnu] ==> ignore
    arg [--as-needed] ==> ignore
    arg [-export-dynamic] ==> ignore
    arg [-dynamic-linker] ==> ignore
    arg [/lib64/ld-linux-x86-64.so.2] ==> ignore
    arg [-zrelro] ==> ignore
    arg [-o] ==> ignore
    arg [cmTC_ed48b] ==> ignore
    arg [/usr/lib/gcc/x86_64-linux-gnu/5/../../../x86_64-linux-gnu/crt1.o] ==> ignore
    arg [/usr/lib/gcc/x86_64-linux-gnu/5/../../../x86_64-linux-gnu/crti.o] ==> ignore
    arg [/usr/lib/gcc/x86_64-linux-gnu/5/crtbegin.o] ==> ignore
    arg [-L/usr/lib/gcc/x86_64-linux-gnu/5] ==> dir [/usr/lib/gcc/x86_64-linux-gnu/5]
    arg [-L/usr/lib/gcc/x86_64-linux-gnu/5/../../../x86_64-linux-gnu] ==> dir [/usr/lib/gcc/x86_64-linux-gnu/5/../../../x86_64-linux-gnu]
    arg [-L/usr/lib/gcc/x86_64-linux-gnu/5/../../../../lib] ==> dir [/usr/lib/gcc/x86_64-linux-gnu/5/../../../../lib]
    arg [-L/lib/x86_64-linux-gnu] ==> dir [/lib/x86_64-linux-gnu]
    arg [-L/lib/../lib] ==> dir [/lib/../lib]
    arg [-L/usr/lib/x86_64-linux-gnu] ==> dir [/usr/lib/x86_64-linux-gnu]
    arg [-L/usr/lib/../lib] ==> dir [/usr/lib/../lib]
    arg [-L/usr/lib/gcc/x86_64-linux-gnu/5/../../..] ==> dir [/usr/lib/gcc/x86_64-linux-gnu/5/../../..]
    arg [CMakeFiles/cmTC_ed48b.dir/CMakeCXXCompilerABI.cpp.o] ==> ignore
    arg [-lstdc++] ==> lib [stdc++]
    arg [-lm] ==> lib [m]
    arg [-lgcc_s] ==> lib [gcc_s]
    arg [-lgcc] ==> lib [gcc]
    arg [-lc] ==> lib [c]
    arg [-lgcc_s] ==> lib [gcc_s]
    arg [-lgcc] ==> lib [gcc]
    arg [/usr/lib/gcc/x86_64-linux-gnu/5/crtend.o] ==> ignore
    arg [/usr/lib/gcc/x86_64-linux-gnu/5/../../../x86_64-linux-gnu/crtn.o] ==> ignore
  remove lib [gcc_s]
  remove lib [gcc]
  remove lib [gcc_s]
  remove lib [gcc]
  collapse library dir [/usr/lib/gcc/x86_64-linux-gnu/5] ==> [/usr/lib/gcc/x86_64-linux-gnu/5]
  collapse library dir [/usr/lib/gcc/x86_64-linux-gnu/5/../../../x86_64-linux-gnu] ==> [/usr/lib/x86_64-linux-gnu]
  collapse library dir [/usr/lib/gcc/x86_64-linux-gnu/5/../../../../lib] ==> [/usr/lib]
  collapse library dir [/lib/x86_64-linux-gnu] ==> [/lib/x86_64-linux-gnu]
  collapse library dir [/lib/../lib] ==> [/lib]
  collapse library dir [/usr/lib/x86_64-linux-gnu] ==> [/usr/lib/x86_64-linux-gnu]
  collapse library dir [/usr/lib/../lib] ==> [/usr/lib]
  collapse library dir [/usr/lib/gcc/x86_64-linux-gnu/5/../../..] ==> [/usr/lib]
  implicit libs: [stdc++;m;c]
  implicit dirs: [/usr/lib/gcc/x86_64-linux-gnu/5;/usr/lib/x86_64-linux-gnu;/usr/lib;/lib/x86_64-linux-gnu;/lib]
  implicit fwks: []




Detecting CXX [-std=c++14] compiler features compiled with the following output:
Change Dir: /home/billy/Documents/PACE/build/CMakeFiles/CMakeTmp

Run Build Command:"/usr/bin/make" "cmTC_ad80a/fast"
make[1]: Entering directory '/home/billy/Documents/PACE/build/CMakeFiles/CMakeTmp'
/usr/bin/make -f CMakeFiles/cmTC_ad80a.dir/build.make CMakeFiles/cmTC_ad80a.dir/build
make[2]: Entering directory '/home/billy/Documents/PACE/build/CMakeFiles/CMakeTmp'
Building CXX object CMakeFiles/cmTC_ad80a.dir/feature_tests.cxx.o
/usr/bin/c++     -std=c++14 -o CMakeFiles/cmTC_ad80a.dir/feature_tests.cxx.o -c /home/billy/Documents/PACE/build/CMakeFiles/feature_tests.cxx
Linking CXX executable cmTC_ad80a
/usr/bin/cmake -E cmake_link_script CMakeFiles/cmTC_ad80a.dir/link.txt --verbose=1
/usr/bin/c++        CMakeFiles/cmTC_ad80a.dir/feature_tests.cxx.o  -o cmTC_ad80a -rdynamic 
make[2]: Leaving directory '/home/billy/Documents/PACE/build/CMakeFiles/CMakeTmp'
make[1]: Leaving directory '/home/billy/Documents/PACE/build/CMakeFiles/CMakeTmp'


    Feature record: CXX_FEATURE:1cxx_aggregate_default_initializers
    Feature record: CXX_FEATURE:1cxx_alias_templates
    Feature record: CXX_FEATURE:1cxx_alignas
    Feature record: CXX_FEATURE:1cxx_alignof
    Feature record: CXX_FEATURE:1cxx_attributes
    Feature record: CXX_FEATURE:1cxx_attribute_deprecated
    Feature record: CXX_FEATURE:1cxx_auto_type
    Feature record: CXX_FEATURE:1cxx_binary_literals
    Feature record: CXX_FEATURE:1cxx_constexpr
    Feature record: CXX_FEATURE:1cxx_contextual_conversions
    Feature record: CXX_FEATURE:1cxx_decltype
    Feature record: CXX_FEATURE:1cxx_decltype_auto
    Feature record: CXX_FEATURE:1cxx_decltype_incomplete_return_types
    Feature record: CXX_FEATURE:1cxx_default_function_template_args
    Feature record: CXX_FEATURE:1cxx_defaulted_functions
    Feature record: CXX_FEATURE:1cxx_defaulted_move_initializers
    Feature record: CXX_FEATURE:1cxx_delegating_constructors
    Feature record: CXX_FEATURE:1cxx_deleted_functions
    Feature record: CXX_FEATURE:1cxx_digit_separators
    Feature record: CXX_FEATURE:1cxx_enum_forward_declarations
    Feature record: CXX_FEATURE:1cxx_explicit_conversions
    Feature record: CXX_FEATURE:1cxx_extended_friend_declarations
    Feature record: CXX_FEATURE:1cxx_extern_templates
    Feature record: CXX_FEATURE:1cxx_final
    Feature record: CXX_FEATURE:1cxx_func_identifier
    Feature record: CXX_FEATURE:1cxx_generalized_initializers
    Feature record: CXX_FEATURE:1cxx_generic_lambdas
    Feature record: CXX_FEATURE:1cxx_inheriting_constructors
    Feature record: CXX_FEATURE:1cxx_inline_namespaces
    Feature record: CXX_FEATURE:1cxx_lambdas
    Feature record: CXX_FEATURE:1cxx_lambda_init_captures
    Feature record: CXX_FEATURE:1cxx_local_type_template_args
    Feature record: CXX_FEATURE:1cxx_long_long_type
    Feature record: CXX_FEATURE:1cxx_noexcept
    Feature record: CXX_FEATURE:1cxx_nonstatic_member_init
    Feature record: CXX_FEATURE:1cxx_nullptr
    Feature record: CXX_FEATURE:1cxx_override
    Feature record: CXX_FEATURE:1cxx_range_for
    Feature record: CXX_FEATURE:1cxx_raw_string_literals
    Feature record: CXX_FEATURE:1cxx_reference_qualified_functions
    Feature record: CXX_FEATURE:1cxx_relaxed_constexpr
    Feature record: CXX_FEATURE:1cxx_return_type_deduction
    Feature record: CXX_FEATURE:1cxx_right_angle_brackets
    Feature record: CXX_FEATURE:1cxx_rvalue_references
    Feature record: CXX_FEATURE:1cxx_sizeof_member
    Feature record: CXX_FEATURE:1cxx_static_assert
    Feature record: CXX_FEATURE:1cxx_strong_enums
    Feature record: CXX_FEATURE:1cxx_template_template_parameters
    Feature record: CXX_FEATURE:1cxx_thread_local
    Feature record: CXX_FEATURE:1cxx_trailing_return_types
    Feature record: CXX_FEATURE:1cxx_unicode_literals
    Feature record: CXX_FEATURE:1cxx_uniform_initialization
    Feature record: CXX_FEATURE:1cxx_unrestricted_unions
    Feature record: CXX_FEATURE:1cxx_user_literals
    Feature record: CXX_FEATURE:1cxx_variable_templates
    Feature record: CXX_FEATURE:1cxx_variadic_macros
    Feature record: CXX_FEATURE:1cxx_variadic_templates


Detecting CXX [-std=c++11] compiler features compiled with the following output:
Change Dir: /home/billy/Documents/PACE/build/CMakeFiles/CMakeTmp

Run Build Command:"/usr/bin/make" "cmTC_73f6d/fast"
make[1]: Entering directory '/home/billy/Documents/PACE/build/CMakeFiles/CMakeTmp'
/usr/bin/make -f CMakeFiles/cmTC_73f6d.dir/build.make CMakeFiles/cmTC_73f6d.dir/build
make[2]: Entering directory '/home/billy/Documents/PACE/build/CMakeFiles/CMakeTmp'
Building CXX object CMakeFiles/cmTC_73f6d.dir/feature_tests.cxx.o
/usr/bin/c++     -std=c++11 -o CMakeFiles/cmTC_73f6d.dir/feature_tests.cxx.o -c /home/billy/Documents/PACE/build/CMakeFiles/feature_tests.cxx
Linking CXX executable cmTC_73f6d
/usr/bin/cmake -E cmake_link_script CMakeFiles/cmTC_73f6d.dir/link.txt --verbose=1
/usr/bin/c++        CMakeFiles/cmTC_73f6d.dir/feature_tests.cxx.o  -o cmTC_73f6d -rdynamic 
make[2]: Leaving directory '/home/billy/Documents/PACE/build/CMakeFiles/CMakeTmp'
make[1]: Leaving directory '/home/billy/Documents/PACE/build/CMakeFiles/CMakeTmp'


    Feature record: CXX_FEATURE:0cxx_aggregate_default_initializers
    Feature record: CXX_FEATURE:1cxx_alias_templates
    Feature record: CXX_FEATURE:1cxx_alignas
    Feature record: CXX_FEATURE:1cxx_alignof
    Feature record: CXX_FEATURE:1cxx_attributes
    Feature record: CXX_FEATURE:0cxx_attribute_deprecated
    Feature record: CXX_FEATURE:1cxx_auto_type
    Feature record: CXX_FEATURE:0cxx_binary_literals
    Feature record: CXX_FEATURE:1cxx_constexpr
    Feature record: CXX_FEATURE:0cxx_contextual_conversions
    Feature record: CXX_FEATURE:1cxx_decltype
    Feature record: CXX_FEATURE:0cxx_decltype_auto
    Feature record: CXX_FEATURE:1cxx_decltype_incomplete_return_types
    Feature record: CXX_FEATURE:1cxx_default_function_template_args
    Feature record: CXX_FEATURE:1cxx_defaulted_functions
    Feature record: CXX_FEATURE:1cxx_defaulted_move_initializers
    Feature record: CXX_FEATURE:1cxx_delegating_constructors
    Feature record: CXX_FEATURE:1cxx_deleted_functions
    Feature record: CXX_FEATURE:0cxx_digit_separators
    Feature record: CXX_FEATURE:1cxx_enum_forward_declarations
    Feature record: CXX_FEATURE:1cxx_explicit_conversions
    Feature record: CXX_FEATURE:1cxx_extended_friend_declarations
    Feature record: CXX_FEATURE:1cxx_extern_templates
    Feature record: CXX_FEATURE:1cxx_final
    Feature record: CXX_FEATURE:1cxx_func_identifier
    Feature record: CXX_FEATURE:1cxx_generalized_initializers
    Feature record: CXX_FEATURE:0cxx_generic_lambdas
    Feature record: CXX_FEATURE:1cxx_inheriting_constructors
    Feature record: CXX_FEATURE:1cxx_inline_namespaces
    Feature record: CXX_FEATURE:1cxx_lambdas
    Feature record: CXX_FEATURE:0cxx_lambda_init_captures
    Feature record: CXX_FEATURE:1cxx_local_type_template_args
    Feature record: CXX_FEATURE:1cxx_long_long_type
    Feature record: CXX_FEATURE:1cxx_noexcept
    Feature record: CXX_FEATURE:1cxx_nonstatic_member_init
    Feature record: CXX_FEATURE:1cxx_nullptr
    Feature record: CXX_FEATURE:1cxx_override
    Feature record: CXX_FEATURE:1cxx_range_for
    Feature record: CXX_FEATURE:1cxx_raw_string_literals
    Feature record: CXX_FEATURE:1cxx_reference_qualified_functions
    Feature record: CXX_FEATURE:0cxx_relaxed_constexpr
    Feature record: CXX_FEATURE:0cxx_return_type_deduction
    Feature record: CXX_FEATURE:1cxx_right_angle_brackets
    Feature record: CXX_FEATURE:1cxx_rvalue_references
    Feature record: CXX_FEATURE:1cxx_sizeof_member
    Feature record: CXX_FEATURE:1cxx_static_assert
    Feature record: CXX_FEATURE:1cxx_strong_enums
    Feature record: CXX_FEATURE:1cxx_template_template_parameters
    Feature record: CXX_FEATURE:1cxx_thread_local
    Feature record: CXX_FEATURE:1cxx_trailing_return_types
    Feature record: CXX_FEATURE:1cxx_unicode_literals
    Feature record: CXX_FEATURE:1cxx_uniform_initialization
    Feature record: CXX_FEATURE:1cxx_unrestricted_unions
    Feature record: CXX_FEATURE:1cxx_user_literals
    Feature record: CXX_FEATURE:0cxx_variable_templates
    Feature record: CXX_FEATURE:1cxx_variadic_macros
    Feature record: CXX_FEATURE:1cxx_variadic_templates


Detecting CXX [-std=c++98] compiler features compiled with the following output:
Change Dir: /home/billy/Documents/PACE/build/CMakeFiles/CMakeTmp

Run Build Command:"/usr/bin/make" "cmTC_df2ca/fast"
make[1]: Entering directory '/home/billy/Documents/PACE/build/CMakeFiles/CMakeTmp'
/usr/bin/make -f CMakeFiles/cmTC_df2ca.dir/build.make CMakeFiles/cmTC_df2ca.dir/build
make[2]: Entering directory '/home/billy/Documents/PACE/build/CMakeFiles/CMakeTmp'
Building CXX object CMakeFiles/cmTC_df2ca.dir/feature_tests.cxx.o
/usr/bin/c++     -std=c++98 -o CMakeFiles/cmTC_df2ca.dir/feature_tests.cxx.o -c /home/billy/Documents/PACE/build/CMakeFiles/feature_tests.cxx
Linking CXX executable cmTC_df2ca
/usr/bin/cmake -E cmake_link_script CMakeFiles/cmTC_df2ca.dir/link.txt --verbose=1
/usr/bin/c++        CMakeFiles/cmTC_df2ca.dir/feature_tests.cxx.o  -o cmTC_df2ca -rdynamic 
make[2]: Leaving directory '/home/billy/Documents/PACE/build/CMakeFiles/CMakeTmp'
make[1]: Leaving directory '/home/billy/Documents/PACE/build/CMakeFiles/CMakeTmp'


    Feature record: CXX_FEATURE:0cxx_aggregate_default_initializers
    Feature record: CXX_FEATURE:0cxx_alias_templates
    Feature record: CXX_FEATURE:0cxx_alignas
    Feature record: CXX_FEATURE:0cxx_alignof
    Feature record: CXX_FEATURE:0cxx_attributes
    Feature record: CXX_FEATURE:0cxx_attribute_deprecated
    Feature record: CXX_FEATURE:0cxx_auto_type
    Feature record: CXX_FEATURE:0cxx_binary_literals
    Feature record: CXX_FEATURE:0cxx_constexpr
    Feature record: CXX_FEATURE:0cxx_contextual_conversions
    Feature record: CXX_FEATURE:0cxx_decltype
    Feature record: CXX_FEATURE:0cxx_decltype_auto
    Feature record: CXX_FEATURE:0cxx_decltype_incomplete_return_types
    Feature record: CXX_FEATURE:0cxx_default_function_template_args
    Feature record: CXX_FEATURE:0cxx_defaulted_functions
    Feature record: CXX_FEATURE:0cxx_defaulted_move_initializers
    Feature record: CXX_FEATURE:0cxx_delegating_constructors
    Feature record: CXX_FEATURE:0cxx_deleted_functions
    Feature record: CXX_FEATURE:0cxx_digit_separators
    Feature record: CXX_FEATURE:0cxx_enum_forward_declarations
    Feature record: CXX_FEATURE:0cxx_explicit_conversions
    Feature record: CXX_FEATURE:0cxx_extended_friend_declarations
    Feature record: CXX_FEATURE:0cxx_extern_templates
    Feature record: CXX_FEATURE:0cxx_final
    Feature record: CXX_FEATURE:0cxx_func_identifier
    Feature record: CXX_FEATURE:0cxx_generalized_initializers
    Feature record: CXX_FEATURE:0cxx_generic_lambdas
    Feature record: CXX_FEATURE:0cxx_inheriting_constructors
    Feature record: CXX_FEATURE:0cxx_inline_namespaces
    Feature record: CXX_FEATURE:0cxx_lambdas
    Feature record: CXX_FEATURE:0cxx_lambda_init_captures
    Feature record: CXX_FEATURE:0cxx_local_type_template_args
    Feature record: CXX_FEATURE:0cxx_long_long_type
    Feature record: CXX_FEATURE:0cxx_noexcept
    Feature record: CXX_FEATURE:0cxx_nonstatic_member_init
    Feature record: CXX_FEATURE:0cxx_nullptr
    Feature record: CXX_FEATURE:0cxx_override
    Feature record: CXX_FEATURE:0cxx_range_for
    Feature record: CXX_FEATURE:0cxx_raw_string_literals
    Feature record: CXX_FEATURE:0cxx_reference_qualified_functions
    Feature record: CXX_FEATURE:0cxx_relaxed_constexpr
    Feature record: CXX_FEATURE:0cxx_return_type_deduction
    Feature record: CXX_FEATURE:0cxx_right_angle_brackets
    Feature record: CXX_FEATURE:0cxx_rvalue_references
    Feature record: CXX_FEATURE:0cxx_sizeof_member
    Feature record: CXX_FEATURE:0cxx_static_assert
    Feature record: CXX_FEATURE:0cxx_strong_enums
    Feature record: CXX_FEATURE:1cxx_template_template_parameters
    Feature record: CXX_FEATURE:0cxx_thread_local
    Feature record: CXX_FEATURE:0cxx_trailing_return_types
    Feature record: CXX_FEATURE:0cxx_unicode_literals
    Feature record: CXX_FEATURE:0cxx_uniform_initialization
    Feature record: CXX_FEATURE:0cxx_unrestricted_unions
    Feature record: CXX_FEATURE:0cxx_user_literals
    Feature record: CXX_FEATURE:0cxx_variable_templates
    Feature record: CXX_FEATURE:0cxx_variadic_macros
    Feature record: CXX_FEATURE:0cxx_variadic_templates
Determining if the function XOpenDisplay exists in the /usr/lib/x86_64-linux-gnu/libX11.so;/usr/lib/x86_64-linux-gnu/libXext.so passed with the following output:
Change Dir: /home/billy/Documents/PACE/build/CMakeFiles/CMakeTmp

Run Build Command:"/usr/bin/make" "cmTC_c89f0/fast"
make[1]: Entering directory '/home/billy/Documents/PACE/build/CMakeFiles/CMakeTmp'
/usr/bin/make -f CMakeFiles/cmTC_c89f0.dir/build.make CMakeFiles/cmTC_c89f0.dir/build
make[2]: Entering directory '/home/billy/Documents/PACE/build/CMakeFiles/CMakeTmp'
Building C object CMakeFiles/cmTC_c89f0.dir/CheckFunctionExists.c.o
/usr/bin/cc    -DCHECK_FUNCTION_EXISTS=XOpenDisplay   -o CMakeFiles/cmTC_c89f0.dir/CheckFunctionExists.c.o   -c /usr/share/cmake-3.5/Modules/CheckFunctionExists.c
Linking C executable cmTC_c89f0
/usr/bin/cmake -E cmake_link_script CMakeFiles/cmTC_c89f0.dir/link.txt --verbose=1
/usr/bin/cc   -DCHECK_FUNCTION_EXISTS=XOpenDisplay    CMakeFiles/cmTC_c89f0.dir/CheckFunctionExists.c.o  -o cmTC_c89f0 -rdynamic /usr/lib/x86_64-linux-gnu/libX11.so /usr/lib/x86_64-linux-gnu/libXext.so 
make[2]: Leaving directory '/home/billy/Documents/PACE/build/CMakeFiles/CMakeTmp'
make[1]: Leaving directory '/home/billy/Documents/PACE/build/CMakeFiles/CMakeTmp'


Determining if the function gethostbyname exists passed with the following output:
Change Dir: /home/billy/Documents/PACE/build/CMakeFiles/CMakeTmp

Run Build Command:"/usr/bin/make" "cmTC_6d135/fast"
make[1]: Entering directory '/home/billy/Documents/PACE/build/CMakeFiles/CMakeTmp'
/usr/bin/make -f CMakeFiles/cmTC_6d135.dir/build.make CMakeFiles/cmTC_6d135.dir/build
make[2]: Entering directory '/home/billy/Documents/PACE/build/CMakeFiles/CMakeTmp'
Building C object CMakeFiles/cmTC_6d135.dir/CheckFunctionExists.c.o
/usr/bin/cc    -DCHECK_FUNCTION_EXISTS=gethostbyname   -o CMakeFiles/cmTC_6d135.dir/CheckFunctionExists.c.o   -c /usr/share/cmake-3.5/Modules/CheckFunctionExists.c
Linking C executable cmTC_6d135
/usr/bin/cmake -E cmake_link_script CMakeFiles/cmTC_6d135.dir/link.txt --verbose=1
/usr/bin/cc   -DCHECK_FUNCTION_EXISTS=gethostbyname    CMakeFiles/cmTC_6d135.dir/CheckFunctionExists.c.o  -o cmTC_6d135 -rdynamic 
make[2]: Leaving directory '/home/billy/Documents/PACE/build/CMakeFiles/CMakeTmp'
make[1]: Leaving directory '/home/billy/Documents/PACE/build/CMakeFiles/CMakeTmp'


Determining if the function connect exists passed with the following output:
Change Dir: /home/billy/Documents/PACE/build/CMakeFiles/CMakeTmp

Run Build Command:"/usr/bin/make" "cmTC_b1b9b/fast"
make[1]: Entering directory '/home/billy/Documents/PACE/build/CMakeFiles/CMakeTmp'
/usr/bin/make -f CMakeFiles/cmTC_b1b9b.dir/build.make CMakeFiles/cmTC_b1b9b.dir/build
make[2]: Entering directory '/home/billy/Documents/PACE/build/CMakeFiles/CMakeTmp'
Building C object CMakeFiles/cmTC_b1b9b.dir/CheckFunctionExists.c.o
/usr/bin/cc    -DCHECK_FUNCTION_EXISTS=connect   -o CMakeFiles/cmTC_b1b9b.dir/CheckFunctionExists.c.o   -c /usr/share/cmake-3.5/Modules/CheckFunctionExists.c
Linking C executable cmTC_b1b9b
/usr/bin/cmake -E cmake_link_script CMakeFiles/cmTC_b1b9b.dir/link.txt --verbose=1
/usr/bin/cc   -DCHECK_FUNCTION_EXISTS=connect    CMakeFiles/cmTC_b1b9b.dir/CheckFunctionExists.c.o  -o cmTC_b1b9b -rdynamic 
make[2]: Leaving directory '/home/billy/Documents/PACE/build/CMakeFiles/CMakeTmp'
make[1]: Leaving directory '/home/billy/Documents/PACE/build/CMakeFiles/CMakeTmp'


Determining if the function remove exists passed with the following output:
Change Dir: /home/billy/Documents/PACE/build/CMakeFiles/CMakeTmp

Run Build Command:"/usr/bin/make" "cmTC_e1cbf/fast"
make[1]: Entering directory '/home/billy/Documents/PACE/build/CMakeFiles/CMakeTmp'
/usr/bin/make -f CMakeFiles/cmTC_e1cbf.dir/build.make CMakeFiles/cmTC_e1cbf.dir/build
make[2]: Entering directory '/home/billy/Documents/PACE/build/CMakeFiles/CMakeTmp'
Building C object CMakeFiles/cmTC_e1cbf.dir/CheckFunctionExists.c.o
/usr/bin/cc    -DCHECK_FUNCTION_EXISTS=remove   -o CMakeFiles/cmTC_e1cbf.dir/CheckFunctionExists.c.o   -c /usr/share/cmake-3.5/Modules/CheckFunctionExists.c
Linking C executable cmTC_e1cbf
/usr/bin/cmake -E cmake_link_script CMakeFiles/cmTC_e1cbf.dir/link.txt --verbose=1
/usr/bin/cc   -DCHECK_FUNCTION_EXISTS=remove    CMakeFiles/cmTC_e1cbf.dir/CheckFunctionExists.c.o  -o cmTC_e1cbf -rdynamic 
make[2]: Leaving directory '/home/billy/Documents/PACE/build/CMakeFiles/CMakeTmp'
make[1]: Leaving directory '/home/billy/Documents/PACE/build/CMakeFiles/CMakeTmp'


Determining if the function shmat exists passed with the following output:
Change Dir: /home/billy/Documents/PACE/build/CMakeFiles/CMakeTmp

Run Build Command:"/usr/bin/make" "cmTC_25c03/fast"
make[1]: Entering directory '/home/billy/Documents/PACE/build/CMakeFiles/CMakeTmp'
/usr/bin/make -f CMakeFiles/cmTC_25c03.dir/build.make CMakeFiles/cmTC_25c03.dir/build
make[2]: Entering directory '/home/billy/Documents/PACE/build/CMakeFiles/CMakeTmp'
Building C object CMakeFiles/cmTC_25c03.dir/CheckFunctionExists.c.o
/usr/bin/cc    -DCHECK_FUNCTION_EXISTS=shmat   -o CMakeFiles/cmTC_25c03.dir/CheckFunctionExists.c.o   -c /usr/share/cmake-3.5/Modules/CheckFunctionExists.c
Linking C executable cmTC_25c03
/usr/bin/cmake -E cmake_link_script CMakeFiles/cmTC_25c03.dir/link.txt --verbose=1
/usr/bin/cc   -DCHECK_FUNCTION_EXISTS=shmat    CMakeFiles/cmTC_25c03.dir/CheckFunctionExists.c.o  -o cmTC_25c03 -rdynamic 
make[2]: Leaving directory '/home/billy/Documents/PACE/build/CMakeFiles/CMakeTmp'
make[1]: Leaving directory '/home/billy/Documents/PACE/build/CMakeFiles/CMakeTmp'


Determining if the function IceConnectionNumber exists in the ICE passed with the following output:
Change Dir: /home/billy/Documents/PACE/build/CMakeFiles/CMakeTmp

Run Build Command:"/usr/bin/make" "cmTC_1bc42/fast"
make[1]: Entering directory '/home/billy/Documents/PACE/build/CMakeFiles/CMakeTmp'
/usr/bin/make -f CMakeFiles/cmTC_1bc42.dir/build.make CMakeFiles/cmTC_1bc42.dir/build
make[2]: Entering directory '/home/billy/Documents/PACE/build/CMakeFiles/CMakeTmp'
Building C object CMakeFiles/cmTC_1bc42.dir/CheckFunctionExists.c.o
/usr/bin/cc    -DCHECK_FUNCTION_EXISTS=IceConnectionNumber   -o CMakeFiles/cmTC_1bc42.dir/CheckFunctionExists.c.o   -c /usr/share/cmake-3.5/Modules/CheckFunctionExists.c
Linking C executable cmTC_1bc42
/usr/bin/cmake -E cmake_link_script CMakeFiles/cmTC_1bc42.dir/link.txt --verbose=1
/usr/bin/cc   -DCHECK_FUNCTION_EXISTS=IceConnectionNumber    CMakeFiles/cmTC_1bc42.dir/CheckFunctionExists.c.o  -o cmTC_1bc42 -rdynamic -lICE 
make[2]: Leaving directory '/home/billy/Documents/PACE/build/CMakeFiles/CMakeTmp'
make[1]: Leaving directory '/home/billy/Documents/PACE/build/CMakeFiles/CMakeTmp'


Determining if the function png_create_read_struct exists passed with the following output:
Change Dir: /home/billy/Documents/PACE/build/CMakeFiles/CMakeTmp

Run Build Command:"/usr/bin/make" "cmTC_8ab9e/fast"
make[1]: Entering directory '/home/billy/Documents/PACE/build/CMakeFiles/CMakeTmp'
/usr/bin/make -f CMakeFiles/cmTC_8ab9e.dir/build.make CMakeFiles/cmTC_8ab9e.dir/build
make[2]: Entering directory '/home/billy/Documents/PACE/build/CMakeFiles/CMakeTmp'
Building C object CMakeFiles/cmTC_8ab9e.dir/CheckFunctionExists.c.o
/usr/bin/cc    -DCHECK_FUNCTION_EXISTS=png_create_read_struct   -o CMakeFiles/cmTC_8ab9e.dir/CheckFunctionExists.c.o   -c /usr/share/cmake-3.5/Modules/CheckFunctionExists.c
Linking C executable cmTC_8ab9e
/usr/bin/cmake -E cmake_link_script CMakeFiles/cmTC_8ab9e.dir/link.txt --verbose=1
/usr/bin/cc   -DCHECK_FUNCTION_EXISTS=png_create_read_struct    CMakeFiles/cmTC_8ab9e.dir/CheckFunctionExists.c.o  -o cmTC_8ab9e -rdynamic /usr/lib/x86_64-linux-gnu/libpng.so 
make[2]: Leaving directory '/home/billy/Documents/PACE/build/CMakeFiles/CMakeTmp'
make[1]: Leaving directory '/home/billy/Documents/PACE/build/CMakeFiles/CMakeTmp'


Determining if the function jpeg_read_header exists passed with the following output:
Change Dir: /home/billy/Documents/PACE/build/CMakeFiles/CMakeTmp

Run Build Command:"/usr/bin/make" "cmTC_fb158/fast"
make[1]: Entering directory '/home/billy/Documents/PACE/build/CMakeFiles/CMakeTmp'
/usr/bin/make -f CMakeFiles/cmTC_fb158.dir/build.make CMakeFiles/cmTC_fb158.dir/build
make[2]: Entering directory '/home/billy/Documents/PACE/build/CMakeFiles/CMakeTmp'
Building C object CMakeFiles/cmTC_fb158.dir/CheckFunctionExists.c.o
/usr/bin/cc    -DCHECK_FUNCTION_EXISTS=jpeg_read_header   -o CMakeFiles/cmTC_fb158.dir/CheckFunctionExists.c.o   -c /usr/share/cmake-3.5/Modules/CheckFunctionExists.c
Linking C executable cmTC_fb158
/usr/bin/cmake -E cmake_link_script CMakeFiles/cmTC_fb158.dir/link.txt --verbose=1
/usr/bin/cc   -DCHECK_FUNCTION_EXISTS=jpeg_read_header    CMakeFiles/cmTC_fb158.dir/CheckFunctionExists.c.o  -o cmTC_fb158 -rdynamic /usr/lib/x86_64-linux-gnu/libjpeg.so 
make[2]: Leaving directory '/home/billy/Documents/PACE/build/CMakeFiles/CMakeTmp'
make[1]: Leaving directory '/home/billy/Documents/PACE/build/CMakeFiles/CMakeTmp'


Determining if the include file sys/types.h exists passed with the following output:
Change Dir: /home/billy/Documents/PACE/build/CMakeFiles/CMakeTmp

Run Build Command:"/usr/bin/make" "cmTC_15970/fast"
make[1]: Entering directory '/home/billy/Documents/PACE/build/CMakeFiles/CMakeTmp'
/usr/bin/make -f CMakeFiles/cmTC_15970.dir/build.make CMakeFiles/cmTC_15970.dir/build
make[2]: Entering directory '/home/billy/Documents/PACE/build/CMakeFiles/CMakeTmp'
Building C object CMakeFiles/cmTC_15970.dir/CheckIncludeFile.c.o
/usr/bin/cc     -o CMakeFiles/cmTC_15970.dir/CheckIncludeFile.c.o   -c /home/billy/Documents/PACE/build/CMakeFiles/CMakeTmp/CheckIncludeFile.c
Linking C executable cmTC_15970
/usr/bin/cmake -E cmake_link_script CMakeFiles/cmTC_15970.dir/link.txt --verbose=1
/usr/bin/cc       CMakeFiles/cmTC_15970.dir/CheckIncludeFile.c.o  -o cmTC_15970 -rdynamic 
make[2]: Leaving directory '/home/billy/Documents/PACE/build/CMakeFiles/CMakeTmp'
make[1]: Leaving directory '/home/billy/Documents/PACE/build/CMakeFiles/CMakeTmp'


Determining if the include file stdint.h exists passed with the following output:
Change Dir: /home/billy/Documents/PACE/build/CMakeFiles/CMakeTmp

Run Build Command:"/usr/bin/make" "cmTC_a0f26/fast"
make[1]: Entering directory '/home/billy/Documents/PACE/build/CMakeFiles/CMakeTmp'
/usr/bin/make -f CMakeFiles/cmTC_a0f26.dir/build.make CMakeFiles/cmTC_a0f26.dir/build
make[2]: Entering directory '/home/billy/Documents/PACE/build/CMakeFiles/CMakeTmp'
Building C object CMakeFiles/cmTC_a0f26.dir/CheckIncludeFile.c.o
/usr/bin/cc     -o CMakeFiles/cmTC_a0f26.dir/CheckIncludeFile.c.o   -c /home/billy/Documents/PACE/build/CMakeFiles/CMakeTmp/CheckIncludeFile.c
Linking C executable cmTC_a0f26
/usr/bin/cmake -E cmake_link_script CMakeFiles/cmTC_a0f26.dir/link.txt --verbose=1
/usr/bin/cc       CMakeFiles/cmTC_a0f26.dir/CheckIncludeFile.c.o  -o cmTC_a0f26 -rdynamic 
make[2]: Leaving directory '/home/billy/Documents/PACE/build/CMakeFiles/CMakeTmp'
make[1]: Leaving directory '/home/billy/Documents/PACE/build/CMakeFiles/CMakeTmp'


Determining if the include file stddef.h exists passed with the following output:
Change Dir: /home/billy/Documents/PACE/build/CMakeFiles/CMakeTmp

Run Build Command:"/usr/bin/make" "cmTC_ccf23/fast"
make[1]: Entering directory '/home/billy/Documents/PACE/build/CMakeFiles/CMakeTmp'
/usr/bin/make -f CMakeFiles/cmTC_ccf23.dir/build.make CMakeFiles/cmTC_ccf23.dir/build
make[2]: Entering directory '/home/billy/Documents/PACE/build/CMakeFiles/CMakeTmp'
Building C object CMakeFiles/cmTC_ccf23.dir/CheckIncludeFile.c.o
/usr/bin/cc     -o CMakeFiles/cmTC_ccf23.dir/CheckIncludeFile.c.o   -c /home/billy/Documents/PACE/build/CMakeFiles/CMakeTmp/CheckIncludeFile.c
Linking C executable cmTC_ccf23
/usr/bin/cmake -E cmake_link_script CMakeFiles/cmTC_ccf23.dir/link.txt --verbose=1
/usr/bin/cc       CMakeFiles/cmTC_ccf23.dir/CheckIncludeFile.c.o  -o cmTC_ccf23 -rdynamic 
make[2]: Leaving directory '/home/billy/Documents/PACE/build/CMakeFiles/CMakeTmp'
make[1]: Leaving directory '/home/billy/Documents/PACE/build/CMakeFiles/CMakeTmp'


Determining size of void* passed with the following output:
Change Dir: /home/billy/Documents/PACE/build/CMakeFiles/CMakeTmp

Run Build Command:"/usr/bin/make" "cmTC_be030/fast"
make[1]: Entering directory '/home/billy/Documents/PACE/build/CMakeFiles/CMakeTmp'
/usr/bin/make -f CMakeFiles/cmTC_be030.dir/build.make CMakeFiles/cmTC_be030.dir/build
make[2]: Entering directory '/home/billy/Documents/PACE/build/CMakeFiles/CMakeTmp'
Building C object CMakeFiles/cmTC_be030.dir/SIZE_OF_VOID_PTR.c.o
/usr/bin/cc     -o CMakeFiles/cmTC_be030.dir/SIZE_OF_VOID_PTR.c.o   -c /home/billy/Documents/PACE/build/CMakeFiles/CheckTypeSize/SIZE_OF_VOID_PTR.c
Linking C executable cmTC_be030
/usr/bin/cmake -E cmake_link_script CMakeFiles/cmTC_be030.dir/link.txt --verbose=1
/usr/bin/cc       CMakeFiles/cmTC_be030.dir/SIZE_OF_VOID_PTR.c.o  -o cmTC_be030 -rdynamic /usr/lib/x86_64-linux-gnu/libjpeg.so 
make[2]: Leaving directory '/home/billy/Documents/PACE/build/CMakeFiles/CMakeTmp'
make[1]: Leaving directory '/home/billy/Documents/PACE/build/CMakeFiles/CMakeTmp'


Determining if the CXX compiler has std namespace passed with the following output:
Change Dir: /home/billy/Documents/PACE/build/CMakeFiles/CMakeTmp

Run Build Command:"/usr/bin/make" "cmTC_b441d/fast"
make[1]: Entering directory '/home/billy/Documents/PACE/build/CMakeFiles/CMakeTmp'
/usr/bin/make -f CMakeFiles/cmTC_b441d.dir/build.make CMakeFiles/cmTC_b441d.dir/build
make[2]: Entering directory '/home/billy/Documents/PACE/build/CMakeFiles/CMakeTmp'
Building CXX object CMakeFiles/cmTC_b441d.dir/TestForSTDNamespace.cxx.o
/usr/bin/c++     -std=c++11 -Wreturn-type    -o CMakeFiles/cmTC_b441d.dir/TestForSTDNamespace.cxx.o -c /usr/share/cmake-3.5/Modules/TestForSTDNamespace.cxx
Linking CXX executable cmTC_b441d
/usr/bin/cmake -E cmake_link_script CMakeFiles/cmTC_b441d.dir/link.txt --verbose=1
/usr/bin/c++    -std=c++11 -Wreturn-type     CMakeFiles/cmTC_b441d.dir/TestForSTDNamespace.cxx.o  -o cmTC_b441d -rdynamic 
make[2]: Leaving directory '/home/billy/Documents/PACE/build/CMakeFiles/CMakeTmp'
make[1]: Leaving directory '/home/billy/Documents/PACE/build/CMakeFiles/CMakeTmp'


Determining if the include file iostream exists passed with the following output:
Change Dir: /home/billy/Documents/PACE/build/CMakeFiles/CMakeTmp

Run Build Command:"/usr/bin/make" "cmTC_b4834/fast"
make[1]: Entering directory '/home/billy/Documents/PACE/build/CMakeFiles/CMakeTmp'
/usr/bin/make -f CMakeFiles/cmTC_b4834.dir/build.make CMakeFiles/cmTC_b4834.dir/build
make[2]: Entering directory '/home/billy/Documents/PACE/build/CMakeFiles/CMakeTmp'
Building CXX object CMakeFiles/cmTC_b4834.dir/CheckIncludeFile.cxx.o
/usr/bin/c++     -std=c++11 -Wreturn-type    -o CMakeFiles/cmTC_b4834.dir/CheckIncludeFile.cxx.o -c /home/billy/Documents/PACE/build/CMakeFiles/CMakeTmp/CheckIncludeFile.cxx
Linking CXX executable cmTC_b4834
/usr/bin/cmake -E cmake_link_script CMakeFiles/cmTC_b4834.dir/link.txt --verbose=1
/usr/bin/c++    -std=c++11 -Wreturn-type     CMakeFiles/cmTC_b4834.dir/CheckIncludeFile.cxx.o  -o cmTC_b4834 -rdynamic 
make[2]: Leaving directory '/home/billy/Documents/PACE/build/CMakeFiles/CMakeTmp'
make[1]: Leaving directory '/home/billy/Documents/PACE/build/CMakeFiles/CMakeTmp'


